{"timestamp": "2023-09-14 12:11:31", "level": "INFO", "module": "test", "function": "<module>", "line": 38, "message": "ddqc-- execution started", "process": "ddqc"}
{"timestamp": "2023-09-14 12:22:15", "level": "INFO", "module": "test", "function": "<module>", "line": 38, "message": "ddqc-- execution started", "process": "ddqc"}
{"timestamp": "2023-09-14 12:29:39", "level": "INFO", "module": "test", "function": "<module>", "line": 38, "message": "ddqc-- execution started", "process": "ddqc"}
{"timestamp": "2023-09-14 12:36:54", "level": "INFO", "module": "test", "function": "<module>", "line": 38, "message": "ddqc-- execution started", "process": "ddqc"}
{"timestamp": "2023-09-14 12:42:07", "level": "INFO", "module": "test", "function": "<module>", "line": 38, "message": "ddqc-- execution started", "process": "ddqc"}
{"timestamp": "2023-09-14 12:56:06", "level": "INFO", "module": "test", "function": "<module>", "line": 38, "message": "ddqc-- execution started", "process": "ddqc"}
{"timestamp": "2023-09-14 13:11:14", "level": "INFO", "module": "test", "function": "<module>", "line": 38, "message": "ddqc-- execution started", "process": "ddqc"}
{"timestamp": "2023-09-14 13:13:13", "level": "INFO", "module": "test", "function": "<module>", "line": 38, "message": "ddqc-- execution started", "process": "ddqc"}
{"timestamp": "2023-09-14 13:14:28", "level": "INFO", "module": "test", "function": "<module>", "line": 38, "message": "ddqc-- execution started", "process": "ddqc"}
{"timestamp": "2023-09-14 13:15:14", "level": "INFO", "module": "test", "function": "<module>", "line": 38, "message": "ddqc-- execution started", "process": "ddqc"}
{"timestamp": "2023-09-14 13:16:21", "level": "INFO", "module": "test", "function": "<module>", "line": 38, "message": "ddqc-- execution started", "process": "ddqc"}
{"timestamp": "2023-09-14 13:16:38", "level": "INFO", "module": "call_data_filter", "function": "ph1_data_filter", "line": 50, "message": "ph1_req1-completed", "process": "ddqc"}
{"timestamp": "2023-09-14 13:17:46", "level": "INFO", "module": "test", "function": "<module>", "line": 38, "message": "ddqc-- execution started", "process": "ddqc"}
{"timestamp": "2023-09-14 13:22:18", "level": "INFO", "module": "call_data_filter", "function": "ph1_data_filter", "line": 49, "message": "ph1_req1-completed", "process": "ddqc"}
{"timestamp": "2023-09-14 13:22:18", "level": "INFO", "module": "call_data_filter", "function": "ph1_data_filter", "line": 49, "message": "ph1_req2-completed", "process": "ddqc"}
{"timestamp": "2023-09-14 13:22:18", "level": "INFO", "module": "call_data_filter", "function": "ph1_data_filter", "line": 49, "message": "ph1_req3-completed", "process": "ddqc"}
{"timestamp": "2023-09-14 13:22:18", "level": "INFO", "module": "call_data_filter", "function": "ph1_data_filter", "line": 49, "message": "ph1_req4-completed", "process": "ddqc"}
{"timestamp": "2023-09-14 13:22:18", "level": "INFO", "module": "call_data_filter", "function": "ph1_data_filter", "line": 49, "message": "ph1_req5-completed", "process": "ddqc"}
{"timestamp": "2023-09-14 13:22:18", "level": "INFO", "module": "call_data_filter", "function": "ph1_data_filter", "line": 49, "message": "ph1_req6-completed", "process": "ddqc"}
{"timestamp": "2023-09-14 13:22:18", "level": "INFO", "module": "call_data_filter", "function": "ph1_data_filter", "line": 49, "message": "ph1_req8-completed", "process": "ddqc"}
{"timestamp": "2023-09-14 13:22:18", "level": "INFO", "module": "call_data_filter", "function": "ph1_data_filter", "line": 49, "message": "ph1_req10-completed", "process": "ddqc"}
{"timestamp": "2023-09-14 13:22:18", "level": "INFO", "module": "call_data_filter", "function": "ph1_data_filter", "line": 49, "message": "ph1_req11-completed", "process": "ddqc"}
{"timestamp": "2023-09-14 13:22:18", "level": "INFO", "module": "call_data_filter", "function": "ph1_data_filter", "line": 49, "message": "ph1_req12-completed", "process": "ddqc"}
{"timestamp": "2023-09-14 13:22:19", "level": "ERROR", "module": "test", "function": "<module>", "line": 52, "message": "Traceback (most recent call last):\n  File \"c:\\Users\\mjeevaba\\Documents\\Python\\DDQC\\DDQC 2.0\\Code\\DDQC Rule Engine\\test.py\", line 50, in <module>\n    dict_transaction = process(config, dict_transaction)\n                       ^^^^^^^^^^^^^^^^^^^^^^^^^^^^^^^^^\n  File \"c:\\Users\\mjeevaba\\Documents\\Python\\DDQC\\DDQC 2.0\\Code\\DDQC Rule Engine\\Project\\z_process.py\", line 19, in process\n    dict_transaction = call_data_filter.ph2_data_filter(config, dict_transaction)\n                       ^^^^^^^^^^^^^^^^^^^^^^^^^^^^^^^^^^^^^^^^^^^^^^^^^^^^^^^^^^\n  File \"c:\\Users\\mjeevaba\\Documents\\Python\\DDQC\\DDQC 2.0\\Code\\DDQC Rule Engine\\Project\\call_data_filter.py\", line 137, in ph2_data_filter\n    excel_file_path = os.path.join(config[\"today_result_path\"], excel_file_path)\n                                                                ^^^^^^^^^^^^^^^\nUnboundLocalError: cannot access local variable 'excel_file_path' where it is not associated with a value\n", "process": "ddqc"}
{"timestamp": "2023-09-14 13:30:31", "level": "INFO", "module": "test", "function": "<module>", "line": 38, "message": "ddqc-- execution started", "process": "ddqc"}
{"timestamp": "2023-09-14 13:30:40", "level": "INFO", "module": "call_data_filter", "function": "ph1_data_filter", "line": 49, "message": "ph1_req1-completed", "process": "ddqc"}
{"timestamp": "2023-09-14 13:30:40", "level": "INFO", "module": "call_data_filter", "function": "ph1_data_filter", "line": 49, "message": "ph1_req2-completed", "process": "ddqc"}
{"timestamp": "2023-09-14 13:30:40", "level": "INFO", "module": "call_data_filter", "function": "ph1_data_filter", "line": 49, "message": "ph1_req3-completed", "process": "ddqc"}
{"timestamp": "2023-09-14 13:30:40", "level": "INFO", "module": "call_data_filter", "function": "ph1_data_filter", "line": 49, "message": "ph1_req4-completed", "process": "ddqc"}
{"timestamp": "2023-09-14 13:30:40", "level": "INFO", "module": "call_data_filter", "function": "ph1_data_filter", "line": 49, "message": "ph1_req5-completed", "process": "ddqc"}
{"timestamp": "2023-09-14 13:30:40", "level": "INFO", "module": "call_data_filter", "function": "ph1_data_filter", "line": 49, "message": "ph1_req6-completed", "process": "ddqc"}
{"timestamp": "2023-09-14 13:30:40", "level": "INFO", "module": "call_data_filter", "function": "ph1_data_filter", "line": 49, "message": "ph1_req8-completed", "process": "ddqc"}
{"timestamp": "2023-09-14 13:30:40", "level": "INFO", "module": "call_data_filter", "function": "ph1_data_filter", "line": 49, "message": "ph1_req10-completed", "process": "ddqc"}
{"timestamp": "2023-09-14 13:30:40", "level": "INFO", "module": "call_data_filter", "function": "ph1_data_filter", "line": 49, "message": "ph1_req11-completed", "process": "ddqc"}
{"timestamp": "2023-09-14 13:30:40", "level": "INFO", "module": "call_data_filter", "function": "ph1_data_filter", "line": 49, "message": "ph1_req12-completed", "process": "ddqc"}
{"timestamp": "2023-09-14 13:30:40", "level": "ERROR", "module": "test", "function": "<module>", "line": 52, "message": "Traceback (most recent call last):\n  File \"c:\\Users\\mjeevaba\\Documents\\Python\\DDQC\\DDQC 2.0\\Code\\DDQC Rule Engine\\test.py\", line 50, in <module>\n    dict_transaction = process(config, dict_transaction)\n                       ^^^^^^^^^^^^^^^^^^^^^^^^^^^^^^^^^\n  File \"c:\\Users\\mjeevaba\\Documents\\Python\\DDQC\\DDQC 2.0\\Code\\DDQC Rule Engine\\Project\\z_process.py\", line 19, in process\n    dict_transaction = call_data_filter.ph2_data_filter(config, dict_transaction)\n                       ^^^^^^^^^^^^^^^^^^^^^^^^^^^^^^^^^^^^^^^^^^^^^^^^^^^^^^^^^^\n  File \"c:\\Users\\mjeevaba\\Documents\\Python\\DDQC\\DDQC 2.0\\Code\\DDQC Rule Engine\\Project\\call_data_filter.py\", line 137, in ph2_data_filter\n    excel_file_path = os.path.join(config[\"today_result_path\"], excel_file_path)\n                                                                ^^^^^^^^^^^^^^^\nUnboundLocalError: cannot access local variable 'excel_file_path' where it is not associated with a value\n", "process": "ddqc"}
{"timestamp": "2023-09-14 13:33:03", "level": "INFO", "module": "test", "function": "<module>", "line": 38, "message": "ddqc-- execution started", "process": "ddqc"}
{"timestamp": "2023-09-14 13:33:12", "level": "INFO", "module": "call_data_filter", "function": "ph1_data_filter", "line": 49, "message": "ph1_req1-completed", "process": "ddqc"}
{"timestamp": "2023-09-14 13:33:12", "level": "INFO", "module": "call_data_filter", "function": "ph1_data_filter", "line": 49, "message": "ph1_req2-completed", "process": "ddqc"}
{"timestamp": "2023-09-14 13:33:12", "level": "INFO", "module": "call_data_filter", "function": "ph1_data_filter", "line": 49, "message": "ph1_req3-completed", "process": "ddqc"}
{"timestamp": "2023-09-14 13:33:12", "level": "INFO", "module": "call_data_filter", "function": "ph1_data_filter", "line": 49, "message": "ph1_req4-completed", "process": "ddqc"}
{"timestamp": "2023-09-14 13:33:12", "level": "INFO", "module": "call_data_filter", "function": "ph1_data_filter", "line": 49, "message": "ph1_req5-completed", "process": "ddqc"}
{"timestamp": "2023-09-14 13:33:12", "level": "INFO", "module": "call_data_filter", "function": "ph1_data_filter", "line": 49, "message": "ph1_req6-completed", "process": "ddqc"}
{"timestamp": "2023-09-14 13:33:12", "level": "INFO", "module": "call_data_filter", "function": "ph1_data_filter", "line": 49, "message": "ph1_req8-completed", "process": "ddqc"}
{"timestamp": "2023-09-14 13:33:12", "level": "INFO", "module": "call_data_filter", "function": "ph1_data_filter", "line": 49, "message": "ph1_req10-completed", "process": "ddqc"}
{"timestamp": "2023-09-14 13:33:12", "level": "INFO", "module": "call_data_filter", "function": "ph1_data_filter", "line": 49, "message": "ph1_req11-completed", "process": "ddqc"}
{"timestamp": "2023-09-14 13:33:12", "level": "INFO", "module": "call_data_filter", "function": "ph1_data_filter", "line": 49, "message": "ph1_req12-completed", "process": "ddqc"}
{"timestamp": "2023-09-14 13:33:12", "level": "INFO", "module": "call_data_filter", "function": "ph2_data_filter", "line": 157, "message": "C:\\Users\\mjeevaba\\Documents\\Python\\DDQC\\DDQC 2.0\\Sharepath\\email\\2023-09-14\\2023_09_14_13_33_12_DDQC report_Phase2.xlsx-saved successfully", "process": "ddqc"}
{"timestamp": "2023-09-14 13:33:12", "level": "ERROR", "module": "test", "function": "<module>", "line": 52, "message": "Traceback (most recent call last):\n  File \"c:\\Users\\mjeevaba\\Documents\\Python\\DDQC\\DDQC 2.0\\Code\\DDQC Rule Engine\\test.py\", line 50, in <module>\n    dict_transaction = process(config, dict_transaction)\n                       ^^^^^^^^^^^^^^^^^^^^^^^^^^^^^^^^^\n  File \"c:\\Users\\mjeevaba\\Documents\\Python\\DDQC\\DDQC 2.0\\Code\\DDQC Rule Engine\\Project\\z_process.py\", line 21, in process\n    z_send_email.send_mail(config, dict_transaction)\n  File \"c:\\Users\\mjeevaba\\Documents\\Python\\DDQC\\DDQC 2.0\\Code\\DDQC Rule Engine\\Project\\z_send_email.py\", line 25, in send_mail\n    message = dict_transaction[\"mail_message\"]\n              ~~~~~~~~~~~~~~~~^^^^^^^^^^^^^^^^\nKeyError: 'mail_message'\n", "process": "ddqc"}
{"timestamp": "2023-09-14 13:37:25", "level": "INFO", "module": "test", "function": "<module>", "line": 38, "message": "ddqc-- execution started", "process": "ddqc"}
{"timestamp": "2023-09-14 13:37:34", "level": "INFO", "module": "call_data_filter", "function": "ph1_data_filter", "line": 49, "message": "ph1_req1-completed", "process": "ddqc"}
{"timestamp": "2023-09-14 13:37:34", "level": "INFO", "module": "call_data_filter", "function": "ph1_data_filter", "line": 49, "message": "ph1_req2-completed", "process": "ddqc"}
{"timestamp": "2023-09-14 13:37:34", "level": "INFO", "module": "call_data_filter", "function": "ph1_data_filter", "line": 49, "message": "ph1_req3-completed", "process": "ddqc"}
{"timestamp": "2023-09-14 13:37:34", "level": "INFO", "module": "call_data_filter", "function": "ph1_data_filter", "line": 49, "message": "ph1_req4-completed", "process": "ddqc"}
{"timestamp": "2023-09-14 13:37:34", "level": "INFO", "module": "call_data_filter", "function": "ph1_data_filter", "line": 49, "message": "ph1_req5-completed", "process": "ddqc"}
{"timestamp": "2023-09-14 13:37:34", "level": "INFO", "module": "call_data_filter", "function": "ph1_data_filter", "line": 49, "message": "ph1_req6-completed", "process": "ddqc"}
{"timestamp": "2023-09-14 13:37:34", "level": "INFO", "module": "call_data_filter", "function": "ph1_data_filter", "line": 49, "message": "ph1_req8-completed", "process": "ddqc"}
{"timestamp": "2023-09-14 13:37:34", "level": "INFO", "module": "call_data_filter", "function": "ph1_data_filter", "line": 49, "message": "ph1_req10-completed", "process": "ddqc"}
{"timestamp": "2023-09-14 13:37:34", "level": "INFO", "module": "call_data_filter", "function": "ph1_data_filter", "line": 49, "message": "ph1_req11-completed", "process": "ddqc"}
{"timestamp": "2023-09-14 13:37:34", "level": "INFO", "module": "call_data_filter", "function": "ph1_data_filter", "line": 49, "message": "ph1_req12-completed", "process": "ddqc"}
{"timestamp": "2023-09-14 13:37:34", "level": "INFO", "module": "call_data_filter", "function": "ph1_data_filter", "line": 53, "message": "C:\\Users\\mjeevaba\\Documents\\Python\\DDQC\\DDQC 2.0\\Sharepath\\email\\2023-09-14\\2023_09_14_13_37_34_DDQC report_Phase1.xlsx-saved successfully", "process": "ddqc"}
{"timestamp": "2023-09-14 13:37:34", "level": "INFO", "module": "call_data_filter", "function": "ph2_data_filter", "line": 157, "message": "C:\\Users\\mjeevaba\\Documents\\Python\\DDQC\\DDQC 2.0\\Sharepath\\email\\2023-09-14\\2023_09_14_13_37_34_DDQC report_Phase2.xlsx-saved successfully", "process": "ddqc"}
{"timestamp": "2023-09-14 13:37:34", "level": "ERROR", "module": "test", "function": "<module>", "line": 52, "message": "Traceback (most recent call last):\n  File \"c:\\Users\\mjeevaba\\Documents\\Python\\DDQC\\DDQC 2.0\\Code\\DDQC Rule Engine\\test.py\", line 50, in <module>\n    dict_transaction = process(config, dict_transaction)\n                       ^^^^^^^^^^^^^^^^^^^^^^^^^^^^^^^^^\n  File \"c:\\Users\\mjeevaba\\Documents\\Python\\DDQC\\DDQC 2.0\\Code\\DDQC Rule Engine\\Project\\z_process.py\", line 21, in process\n    z_send_email.send_mail(config, dict_transaction)\n  File \"c:\\Users\\mjeevaba\\Documents\\Python\\DDQC\\DDQC 2.0\\Code\\DDQC Rule Engine\\Project\\z_send_email.py\", line 30, in send_mail\n    server = smtplib.SMTP(config[\"mail_server\"], config[\"mail_port\"])\n             ^^^^^^^^^^^^^^^^^^^^^^^^^^^^^^^^^^^^^^^^^^^^^^^^^^^^^^^^\n  File \"C:\\Users\\mjeevaba\\AppData\\Local\\Programs\\Python\\Python311\\Lib\\smtplib.py\", line 255, in __init__\n    (code, msg) = self.connect(host, port)\n                  ^^^^^^^^^^^^^^^^^^^^^^^^\n  File \"C:\\Users\\mjeevaba\\AppData\\Local\\Programs\\Python\\Python311\\Lib\\smtplib.py\", line 343, in connect\n    (code, msg) = self.getreply()\n                  ^^^^^^^^^^^^^^^\n  File \"C:\\Users\\mjeevaba\\AppData\\Local\\Programs\\Python\\Python311\\Lib\\smtplib.py\", line 405, in getreply\n    raise SMTPServerDisconnected(\"Connection unexpectedly closed\")\nsmtplib.SMTPServerDisconnected: Connection unexpectedly closed\n", "process": "ddqc"}
{"timestamp": "2023-09-14 13:49:33", "level": "INFO", "module": "test", "function": "<module>", "line": 38, "message": "ddqc-- execution started", "process": "ddqc"}
{"timestamp": "2023-09-14 13:49:46", "level": "INFO", "module": "call_data_filter", "function": "ph2_data_filter", "line": 157, "message": "C:\\Users\\mjeevaba\\Documents\\Python\\DDQC\\DDQC 2.0\\Sharepath\\email\\2023-09-14\\2023_09_14_13_49_45_DDQC report_Phase2.xlsx-saved successfully", "process": "ddqc"}
{"timestamp": "2023-09-14 13:49:46", "level": "ERROR", "module": "test", "function": "<module>", "line": 52, "message": "Traceback (most recent call last):\n  File \"c:\\Users\\mjeevaba\\Documents\\Python\\DDQC\\DDQC 2.0\\Code\\DDQC Rule Engine\\test.py\", line 50, in <module>\n    dict_transaction = process(config, dict_transaction)\n                       ^^^^^^^^^^^^^^^^^^^^^^^^^^^^^^^^^\n  File \"c:\\Users\\mjeevaba\\Documents\\Python\\DDQC\\DDQC 2.0\\Code\\DDQC Rule Engine\\Project\\z_process.py\", line 21, in process\n    z_send_email.send_mail(config, dict_transaction)\n  File \"c:\\Users\\mjeevaba\\Documents\\Python\\DDQC\\DDQC 2.0\\Code\\DDQC Rule Engine\\Project\\z_send_email.py\", line 30, in send_mail\n    server = smtplib.SMTP(config[\"mail_server\"], config[\"mail_port\"])\n             ^^^^^^^^^^^^^^^^^^^^^^^^^^^^^^^^^^^^^^^^^^^^^^^^^^^^^^^^\n  File \"C:\\Users\\mjeevaba\\AppData\\Local\\Programs\\Python\\Python311\\Lib\\smtplib.py\", line 255, in __init__\n    (code, msg) = self.connect(host, port)\n                  ^^^^^^^^^^^^^^^^^^^^^^^^\n  File \"C:\\Users\\mjeevaba\\AppData\\Local\\Programs\\Python\\Python311\\Lib\\smtplib.py\", line 343, in connect\n    (code, msg) = self.getreply()\n                  ^^^^^^^^^^^^^^^\n  File \"C:\\Users\\mjeevaba\\AppData\\Local\\Programs\\Python\\Python311\\Lib\\smtplib.py\", line 405, in getreply\n    raise SMTPServerDisconnected(\"Connection unexpectedly closed\")\nsmtplib.SMTPServerDisconnected: Connection unexpectedly closed\n", "process": "ddqc"}
{"timestamp": "2023-09-14 13:50:32", "level": "INFO", "module": "test", "function": "<module>", "line": 38, "message": "ddqc-- execution started", "process": "ddqc"}
{"timestamp": "2023-09-14 13:50:41", "level": "INFO", "module": "call_data_filter", "function": "ph2_data_filter", "line": 157, "message": "C:\\Users\\mjeevaba\\Documents\\Python\\DDQC\\DDQC 2.0\\Sharepath\\email\\2023-09-14\\2023_09_14_13_50_41_DDQC report_Phase2.xlsx-saved successfully", "process": "ddqc"}
{"timestamp": "2023-09-14 13:50:41", "level": "ERROR", "module": "test", "function": "<module>", "line": 52, "message": "Traceback (most recent call last):\n  File \"c:\\Users\\mjeevaba\\Documents\\Python\\DDQC\\DDQC 2.0\\Code\\DDQC Rule Engine\\test.py\", line 50, in <module>\n    dict_transaction = process(config, dict_transaction)\n                       ^^^^^^^^^^^^^^^^^^^^^^^^^^^^^^^^^\n  File \"c:\\Users\\mjeevaba\\Documents\\Python\\DDQC\\DDQC 2.0\\Code\\DDQC Rule Engine\\Project\\z_process.py\", line 21, in process\n    z_send_email.send_mail(config, dict_transaction)\n  File \"c:\\Users\\mjeevaba\\Documents\\Python\\DDQC\\DDQC 2.0\\Code\\DDQC Rule Engine\\Project\\z_send_email.py\", line 30, in send_mail\n    server = smtplib.SMTP(config[\"mail_server\"], config[\"mail_port\"])\n             ^^^^^^^^^^^^^^^^^^^^^^^^^^^^^^^^^^^^^^^^^^^^^^^^^^^^^^^^\n  File \"C:\\Users\\mjeevaba\\AppData\\Local\\Programs\\Python\\Python311\\Lib\\smtplib.py\", line 255, in __init__\n    (code, msg) = self.connect(host, port)\n                  ^^^^^^^^^^^^^^^^^^^^^^^^\n  File \"C:\\Users\\mjeevaba\\AppData\\Local\\Programs\\Python\\Python311\\Lib\\smtplib.py\", line 343, in connect\n    (code, msg) = self.getreply()\n                  ^^^^^^^^^^^^^^^\n  File \"C:\\Users\\mjeevaba\\AppData\\Local\\Programs\\Python\\Python311\\Lib\\smtplib.py\", line 405, in getreply\n    raise SMTPServerDisconnected(\"Connection unexpectedly closed\")\nsmtplib.SMTPServerDisconnected: Connection unexpectedly closed\n", "process": "ddqc"}
{"timestamp": "2023-09-14 13:51:04", "level": "INFO", "module": "test", "function": "<module>", "line": 38, "message": "ddqc-- execution started", "process": "ddqc"}
{"timestamp": "2023-09-14 13:55:32", "level": "INFO", "module": "test", "function": "<module>", "line": 38, "message": "ddqc-- execution started", "process": "ddqc"}
{"timestamp": "2023-09-14 14:32:04", "level": "INFO", "module": "call_data_filter", "function": "ph2_data_filter", "line": 150, "message": "Non-conviction Pending Deferred-completed", "process": "ddqc"}
{"timestamp": "2023-09-14 14:32:23", "level": "INFO", "module": "call_data_filter", "function": "ph2_data_filter", "line": 150, "message": "Invalid Scoring-completed", "process": "ddqc"}
{"timestamp": "2023-09-14 14:32:42", "level": "INFO", "module": "call_data_filter", "function": "ph2_data_filter", "line": 150, "message": "People Ready - Warrant Issue-completed", "process": "ddqc"}
{"timestamp": "2023-09-14 14:32:47", "level": "INFO", "module": "call_data_filter", "function": "ph2_data_filter", "line": 150, "message": "People Ready - (Felony)-completed", "process": "ddqc"}
{"timestamp": "2023-09-14 14:32:50", "level": "INFO", "module": "call_data_filter", "function": "ph2_data_filter", "line": 150, "message": "DG Retail - Scoring-completed", "process": "ddqc"}
{"timestamp": "2023-09-14 14:32:53", "level": "INFO", "module": "call_data_filter", "function": "ph2_data_filter", "line": 150, "message": "DG Retail - Hawaii-completed", "process": "ddqc"}
{"timestamp": "2023-09-14 14:32:56", "level": "INFO", "module": "call_data_filter", "function": "ph2_data_filter", "line": 150, "message": "DG Retail - Philadelphia, PA-completed", "process": "ddqc"}
{"timestamp": "2023-09-14 14:32:59", "level": "INFO", "module": "call_data_filter", "function": "ph2_data_filter", "line": 150, "message": "DG Retail - (Less than Misd)-completed", "process": "ddqc"}
{"timestamp": "2023-09-14 14:33:02", "level": "INFO", "module": "call_data_filter", "function": "ph2_data_filter", "line": 150, "message": "Walgreens - Scoring-completed", "process": "ddqc"}
{"timestamp": "2023-09-14 14:33:04", "level": "INFO", "module": "call_data_filter", "function": "ph2_data_filter", "line": 150, "message": "Walgreens - Hawaii-completed", "process": "ddqc"}
{"timestamp": "2023-09-14 14:33:08", "level": "INFO", "module": "call_data_filter", "function": "ph2_data_filter", "line": 150, "message": "Walgreens - (Pending Charges)-completed", "process": "ddqc"}
{"timestamp": "2023-09-14 14:33:11", "level": "INFO", "module": "call_data_filter", "function": "ph2_data_filter", "line": 150, "message": "Walgreens - (Active Deferrals)-completed", "process": "ddqc"}
{"timestamp": "2023-09-14 14:33:14", "level": "INFO", "module": "call_data_filter", "function": "ph2_data_filter", "line": 150, "message": "Arise - (Pending Deferred Char)-completed", "process": "ddqc"}
{"timestamp": "2023-09-14 14:33:17", "level": "INFO", "module": "call_data_filter", "function": "ph2_data_filter", "line": 150, "message": "Arise - Reporting-completed", "process": "ddqc"}
{"timestamp": "2023-09-14 14:33:20", "level": "INFO", "module": "call_data_filter", "function": "ph2_data_filter", "line": 157, "message": "C:\\Users\\mjeevaba\\Documents\\Python\\DDQC\\DDQC 2.0\\Sharepath\\email\\2023-09-14\\2023_09_14_14_32_04_DDQC report_Phase2.xlsx-saved successfully", "process": "ddqc"}
{"timestamp": "2023-09-14 14:41:57", "level": "INFO", "module": "test", "function": "<module>", "line": 38, "message": "ddqc-- execution started", "process": "ddqc"}
