{"timestamp": "2023-09-04 12:53:16", "level": "INFO", "module": "test", "function": "<module>", "line": 34, "message": "ddqc-- execution started", "process": "ddqc"}
{"timestamp": "2023-09-04 12:55:29", "level": "INFO", "module": "test", "function": "<module>", "line": 34, "message": "ddqc-- execution started", "process": "ddqc"}
{"timestamp": "2023-09-04 13:17:44", "level": "INFO", "module": "test", "function": "<module>", "line": 34, "message": "ddqc-- execution started", "process": "ddqc"}
{"timestamp": "2023-09-04 14:53:42", "level": "INFO", "module": "test", "function": "<module>", "line": 34, "message": "ddqc-- execution started", "process": "ddqc"}
{"timestamp": "2023-09-04 15:02:03", "level": "INFO", "module": "test", "function": "<module>", "line": 34, "message": "ddqc-- execution started", "process": "ddqc"}
{"timestamp": "2023-09-04 15:05:57", "level": "INFO", "module": "test", "function": "<module>", "line": 34, "message": "ddqc-- execution started", "process": "ddqc"}
{"timestamp": "2023-09-04 15:12:18", "level": "INFO", "module": "test", "function": "<module>", "line": 34, "message": "ddqc-- execution started", "process": "ddqc"}
{"timestamp": "2023-09-04 15:18:54", "level": "INFO", "module": "test", "function": "<module>", "line": 34, "message": "ddqc-- execution started", "process": "ddqc"}
{"timestamp": "2023-09-04 15:18:58", "level": "ERROR", "module": "test", "function": "<module>", "line": 45, "message": "Traceback (most recent call last):\n  File \"c:\\Users\\mjeevaba\\Documents\\Python\\DDQC\\DDQC 2.0\\Code\\DDQC Rule Engine\\test.py\", line 43, in <module>\n    process(config, dict_transaction)\n  File \"c:\\Users\\mjeevaba\\Documents\\Python\\DDQC\\DDQC 2.0\\Code\\DDQC Rule Engine\\Project\\fr_process.py\", line 15, in process\n    dict_transaction = call_data_filter.ph2_data_filter(config,dict_transaction)\n                       ^^^^^^^^^^^^^^^^^^^^^^^^^^^^^^^^^^^^^^^^^^^^^^^^^^^^^^^^^\n  File \"c:\\Users\\mjeevaba\\Documents\\Python\\DDQC\\DDQC 2.0\\Code\\DDQC Rule Engine\\Project\\call_data_filter.py\", line 72, in ph2_data_filter\n    'Walgreens - Scoring':ddqc2.req10_walgreens_scroing(Refs.ph2_ref7_list, Refs.ph2_walgreens_cust_nm_starts),\n                          ^^^^^^^^^^^^^^^^^^^^^^^^^^^^^^^^^^^^^^^^^^^^^^^^^^^^^^^^^^^^^^^^^^^^^^^^^^^^^^^^^^^^\n  File \"c:\\Users\\mjeevaba\\Documents\\Python\\DDQC\\DDQC 2.0\\Code\\DDQC Rule Engine\\Project\\data_filter_ph2.py\", line 248, in req10_walgreens_scroing\n    df_gen_rule1 = df_gen_rule1[df_gen_rule1['CUST NM'].str.startswith(cust_nm)]\n                   ^^^^^^^^^^^^\nUnboundLocalError: cannot access local variable 'df_gen_rule1' where it is not associated with a value\n", "process": "ddqc"}
{"timestamp": "2023-09-04 15:19:18", "level": "INFO", "module": "test", "function": "<module>", "line": 34, "message": "ddqc-- execution started", "process": "ddqc"}
{"timestamp": "2023-09-04 15:20:36", "level": "INFO", "module": "test", "function": "<module>", "line": 34, "message": "ddqc-- execution started", "process": "ddqc"}
{"timestamp": "2023-09-04 15:20:40", "level": "ERROR", "module": "test", "function": "<module>", "line": 45, "message": "Traceback (most recent call last):\n  File \"c:\\Users\\mjeevaba\\Documents\\Python\\DDQC\\DDQC 2.0\\Code\\DDQC Rule Engine\\test.py\", line 43, in <module>\n    process(config, dict_transaction)\n  File \"c:\\Users\\mjeevaba\\Documents\\Python\\DDQC\\DDQC 2.0\\Code\\DDQC Rule Engine\\Project\\fr_process.py\", line 15, in process\n    dict_transaction = call_data_filter.ph2_data_filter(config,dict_transaction)\n                       ^^^^^^^^^^^^^^^^^^^^^^^^^^^^^^^^^^^^^^^^^^^^^^^^^^^^^^^^^\n  File \"c:\\Users\\mjeevaba\\Documents\\Python\\DDQC\\DDQC 2.0\\Code\\DDQC Rule Engine\\Project\\call_data_filter.py\", line 72, in ph2_data_filter\n    'Walgreens - Scoring':ddqc2.req10_walgreens_scroing(Refs.ph2_ref7_list, Refs.ph2_walgreens_cust_nm_starts),\n                          ^^^^^^^^^^^^^^^^^^^^^^^^^^^^^^^^^^^^^^^^^^^^^^^^^^^^^^^^^^^^^^^^^^^^^^^^^^^^^^^^^^^^\n  File \"c:\\Users\\mjeevaba\\Documents\\Python\\DDQC\\DDQC 2.0\\Code\\DDQC Rule Engine\\Project\\data_filter_ph2.py\", line 250, in req10_walgreens_scroing\n    df_gen_rule1 = df_gen_rule1[df_gen_rule1[\"COUNT SCORE\"].notin(ph2_ref7_list)]\n                                ^^^^^^^^^^^^^^^^^^^^^^^^^^^^^^^^^\n  File \"C:\\Users\\mjeevaba\\AppData\\Local\\Programs\\Python\\Python311\\Lib\\site-packages\\pandas\\core\\generic.py\", line 5989, in __getattr__\n    return object.__getattribute__(self, name)\n           ^^^^^^^^^^^^^^^^^^^^^^^^^^^^^^^^^^^\nAttributeError: 'Series' object has no attribute 'notin'\n", "process": "ddqc"}
{"timestamp": "2023-09-04 15:21:16", "level": "INFO", "module": "test", "function": "<module>", "line": 34, "message": "ddqc-- execution started", "process": "ddqc"}
{"timestamp": "2023-09-04 15:26:23", "level": "INFO", "module": "test", "function": "<module>", "line": 34, "message": "ddqc-- execution started", "process": "ddqc"}
{"timestamp": "2023-09-04 15:29:01", "level": "INFO", "module": "test", "function": "<module>", "line": 34, "message": "ddqc-- execution started", "process": "ddqc"}
{"timestamp": "2023-09-04 15:35:03", "level": "INFO", "module": "test", "function": "<module>", "line": 34, "message": "ddqc-- execution started", "process": "ddqc"}
{"timestamp": "2023-09-04 15:36:03", "level": "INFO", "module": "test", "function": "<module>", "line": 34, "message": "ddqc-- execution started", "process": "ddqc"}
{"timestamp": "2023-09-04 15:44:16", "level": "INFO", "module": "test", "function": "<module>", "line": 34, "message": "ddqc-- execution started", "process": "ddqc"}
{"timestamp": "2023-09-04 15:48:35", "level": "INFO", "module": "test", "function": "<module>", "line": 34, "message": "ddqc-- execution started", "process": "ddqc"}
{"timestamp": "2023-09-04 16:00:26", "level": "INFO", "module": "test", "function": "<module>", "line": 34, "message": "ddqc-- execution started", "process": "ddqc"}
{"timestamp": "2023-09-04 16:16:04", "level": "INFO", "module": "test", "function": "<module>", "line": 34, "message": "ddqc-- execution started", "process": "ddqc"}
{"timestamp": "2023-09-04 16:27:36", "level": "INFO", "module": "test", "function": "<module>", "line": 34, "message": "ddqc-- execution started", "process": "ddqc"}
{"timestamp": "2023-09-04 16:27:40", "level": "ERROR", "module": "test", "function": "<module>", "line": 45, "message": "Traceback (most recent call last):\n  File \"c:\\Users\\mjeevaba\\Documents\\Python\\DDQC\\DDQC 2.0\\Code\\DDQC Rule Engine\\test.py\", line 43, in <module>\n    process(config, dict_transaction)\n  File \"c:\\Users\\mjeevaba\\Documents\\Python\\DDQC\\DDQC 2.0\\Code\\DDQC Rule Engine\\Project\\fr_process.py\", line 15, in process\n    dict_transaction = call_data_filter.ph2_data_filter(config,dict_transaction)\n                       ^^^^^^^^^^^^^^^^^^^^^^^^^^^^^^^^^^^^^^^^^^^^^^^^^^^^^^^^^\n  File \"c:\\Users\\mjeevaba\\Documents\\Python\\DDQC\\DDQC 2.0\\Code\\DDQC Rule Engine\\Project\\call_data_filter.py\", line 65, in ph2_data_filter\n    'People Ready - Warrant Issue':ddqc2.req3_people_ready_warrant(Refs.ph2_ref1_list, Refs.ph2_people_ready_cust_nm, Refs.ph2_people_ready_pakage_starts, Refs.ph2_people_ready_pakage_exclude),\n                                   ^^^^^^^^^^^^^^^^^^^^^^^^^^^^^^^^^^^^^^^^^^^^^^^^^^^^^^^^^^^^^^^^^^^^^^^^^^^^^^^^^^^^^^^^^^^^^^^^^^^^^^^^^^^^^^^^^^^^^^^^^^^^^^^^^^^^^^^^^^^^^^^^^^^^^^^^^^^^^\n  File \"c:\\Users\\mjeevaba\\Documents\\Python\\DDQC\\DDQC 2.0\\Code\\DDQC Rule Engine\\Project\\data_filter_ph2.py\", line 137, in req3_people_ready_warrant\n    if item.upper() in row['Sentence Details'] and  'E' == row['COUNT SCORE']:\n       ^^^^^^^^^^^^^^^^^^^^^^^^^^^^^^^^^^^^^^^\nTypeError: argument of type 'float' is not iterable\n", "process": "ddqc"}
{"timestamp": "2023-09-04 16:28:36", "level": "INFO", "module": "test", "function": "<module>", "line": 34, "message": "ddqc-- execution started", "process": "ddqc"}
{"timestamp": "2023-09-04 17:00:17", "level": "INFO", "module": "test", "function": "<module>", "line": 34, "message": "ddqc-- execution started", "process": "ddqc"}
{"timestamp": "2023-09-04 17:03:19", "level": "INFO", "module": "test", "function": "<module>", "line": 34, "message": "ddqc-- execution started", "process": "ddqc"}
{"timestamp": "2023-09-04 17:04:07", "level": "INFO", "module": "test", "function": "<module>", "line": 34, "message": "ddqc-- execution started", "process": "ddqc"}
{"timestamp": "2023-09-04 17:07:02", "level": "INFO", "module": "test", "function": "<module>", "line": 34, "message": "ddqc-- execution started", "process": "ddqc"}
{"timestamp": "2023-09-04 17:10:01", "level": "INFO", "module": "test", "function": "<module>", "line": 34, "message": "ddqc-- execution started", "process": "ddqc"}
{"timestamp": "2023-09-04 17:14:09", "level": "INFO", "module": "test", "function": "<module>", "line": 34, "message": "ddqc-- execution started", "process": "ddqc"}
{"timestamp": "2023-09-04 17:15:01", "level": "INFO", "module": "test", "function": "<module>", "line": 34, "message": "ddqc-- execution started", "process": "ddqc"}
{"timestamp": "2023-09-04 17:15:10", "level": "INFO", "module": "test", "function": "<module>", "line": 34, "message": "ddqc-- execution started", "process": "ddqc"}
{"timestamp": "2023-09-04 17:15:43", "level": "INFO", "module": "test", "function": "<module>", "line": 34, "message": "ddqc-- execution started", "process": "ddqc"}
{"timestamp": "2023-09-04 17:17:53", "level": "INFO", "module": "test", "function": "<module>", "line": 36, "message": "ddqc-- execution started", "process": "ddqc"}
{"timestamp": "2023-09-04 17:20:04", "level": "INFO", "module": "test", "function": "<module>", "line": 36, "message": "ddqc-- execution started", "process": "ddqc"}
{"timestamp": "2023-09-04 17:28:56", "level": "INFO", "module": "test", "function": "<module>", "line": 36, "message": "ddqc-- execution started", "process": "ddqc"}
{"timestamp": "2023-09-04 17:29:01", "level": "INFO", "module": "test", "function": "test_row_counts_match", "line": 77, "message": "Sheet Non-conviction Pending Deferred: Result Row Count: 6, Expected Row Count: 6", "process": "ddqc"}
{"timestamp": "2023-09-04 17:29:01", "level": "INFO", "module": "test", "function": "test_row_counts_match", "line": 77, "message": "Sheet Invalid Scoring: Result Row Count: 3, Expected Row Count: 3", "process": "ddqc"}
{"timestamp": "2023-09-04 17:29:01", "level": "INFO", "module": "test", "function": "test_row_counts_match", "line": 77, "message": "Sheet People Ready - Warrant Issue: Result Row Count: 5, Expected Row Count: 5", "process": "ddqc"}
{"timestamp": "2023-09-04 17:29:01", "level": "INFO", "module": "test", "function": "test_row_counts_match", "line": 77, "message": "Sheet People Ready - (Felony): Result Row Count: 2, Expected Row Count: 2", "process": "ddqc"}
{"timestamp": "2023-09-04 17:29:01", "level": "INFO", "module": "test", "function": "test_row_counts_match", "line": 77, "message": "Sheet People Ready - (Less than Misd): Result Row Count: 1, Expected Row Count: 2", "process": "ddqc"}
{"timestamp": "2023-09-04 17:29:02", "level": "INFO", "module": "test", "function": "test_row_counts_match", "line": 77, "message": "Sheet DG Retail - Scoring: Result Row Count: 1, Expected Row Count: 1", "process": "ddqc"}
{"timestamp": "2023-09-04 17:29:02", "level": "INFO", "module": "test", "function": "test_row_counts_match", "line": 77, "message": "Sheet DG Retail - Hawaii: Result Row Count: 1, Expected Row Count: 2", "process": "ddqc"}
{"timestamp": "2023-09-04 17:29:02", "level": "INFO", "module": "test", "function": "test_row_counts_match", "line": 77, "message": "Sheet DG Retail - Philadelphia, PA: Result Row Count: 1, Expected Row Count: 1", "process": "ddqc"}
{"timestamp": "2023-09-04 17:29:02", "level": "INFO", "module": "test", "function": "test_row_counts_match", "line": 77, "message": "Sheet DG Retail - (Less than Misd): Result Row Count: 1, Expected Row Count: 1", "process": "ddqc"}
{"timestamp": "2023-09-04 17:29:02", "level": "INFO", "module": "test", "function": "test_row_counts_match", "line": 77, "message": "Sheet Walgreens - Scoring: Result Row Count: 1, Expected Row Count: 1", "process": "ddqc"}
{"timestamp": "2023-09-04 17:29:02", "level": "INFO", "module": "test", "function": "test_row_counts_match", "line": 77, "message": "Sheet Walgreens - Hawaii: Result Row Count: 2, Expected Row Count: 2", "process": "ddqc"}
{"timestamp": "2023-09-04 17:29:02", "level": "INFO", "module": "test", "function": "test_row_counts_match", "line": 77, "message": "Sheet Walgreens - Philadelphia, PA: Result Row Count: 1, Expected Row Count: 10", "process": "ddqc"}
{"timestamp": "2023-09-04 17:29:02", "level": "INFO", "module": "test", "function": "test_row_counts_match", "line": 77, "message": "Sheet Walgreens - (Pending Charges): Result Row Count: 2, Expected Row Count: 2", "process": "ddqc"}
{"timestamp": "2023-09-04 17:29:02", "level": "INFO", "module": "test", "function": "test_row_counts_match", "line": 77, "message": "Sheet Walgreens - (Active Deferrals): Result Row Count: 2, Expected Row Count: 2", "process": "ddqc"}
{"timestamp": "2023-09-04 17:29:02", "level": "INFO", "module": "test", "function": "test_row_counts_match", "line": 77, "message": "Sheet Arise - (Pending Deferred Char): Result Row Count: 2, Expected Row Count: 2", "process": "ddqc"}
{"timestamp": "2023-09-04 17:29:02", "level": "INFO", "module": "test", "function": "test_row_counts_match", "line": 77, "message": "Sheet Arise - Reporting: Result Row Count: 2, Expected Row Count: 2", "process": "ddqc"}
{"timestamp": "2023-09-04 19:02:07", "level": "INFO", "module": "main", "function": "<module>", "line": 44, "message": "ddqc-- execution started", "process": "ddqc"}
{"timestamp": "2023-09-04 19:02:07", "level": "DEBUG", "module": "main", "function": "__init__", "line": 52, "message": "Framework initiated", "process": "ddqc"}
{"timestamp": "2023-09-04 19:02:07", "level": "DEBUG", "module": "main", "function": "init_all_settings", "line": 57, "message": "init all settings completed", "process": "ddqc"}
{"timestamp": "2023-09-04 19:02:10", "level": "DEBUG", "module": "main", "function": "init_all_applications", "line": 62, "message": "init all application completed", "process": "ddqc"}
{"timestamp": "2023-09-04 19:02:21", "level": "DEBUG", "module": "main", "function": "get_transaction_data", "line": 68, "message": "get transaction data completed", "process": "ddqc"}
{"timestamp": "2023-09-04 19:02:21", "level": "INFO", "module": "main", "function": "process_transaction", "line": 72, "message": "process started", "process": "ddqc"}
{"timestamp": "2023-09-04 19:02:23", "level": "DEBUG", "module": "main", "function": "process_transaction", "line": 76, "message": "process completed", "process": "ddqc"}
{"timestamp": "2023-09-04 19:02:27", "level": "DEBUG", "module": "main", "function": "set_transaction_status", "line": 86, "message": "set transaction completed", "process": "ddqc"}
{"timestamp": "2023-09-04 19:02:27", "level": "DEBUG", "module": "main", "function": "get_transaction_data", "line": 68, "message": "get transaction data completed", "process": "ddqc"}
{"timestamp": "2023-09-04 19:02:27", "level": "DEBUG", "module": "main", "function": "run", "line": 97, "message": "transaction data received empty. so exiting the process", "process": "ddqc"}
{"timestamp": "2023-09-04 19:07:27", "level": "DEBUG", "module": "main", "function": "get_transaction_data", "line": 68, "message": "get transaction data completed", "process": "ddqc"}
{"timestamp": "2023-09-04 19:07:27", "level": "DEBUG", "module": "main", "function": "run", "line": 97, "message": "transaction data received empty. so exiting the process", "process": "ddqc"}
{"timestamp": "2023-09-04 19:12:27", "level": "DEBUG", "module": "main", "function": "get_transaction_data", "line": 68, "message": "get transaction data completed", "process": "ddqc"}
{"timestamp": "2023-09-04 19:12:27", "level": "DEBUG", "module": "main", "function": "run", "line": 97, "message": "transaction data received empty. so exiting the process", "process": "ddqc"}
{"timestamp": "2023-09-04 19:14:05", "level": "INFO", "module": "test", "function": "<module>", "line": 36, "message": "ddqc-- execution started", "process": "ddqc"}
{"timestamp": "2023-09-04 19:14:09", "level": "INFO", "module": "test", "function": "test_row_counts_match", "line": 75, "message": "Sheet Non-conviction Pending Deferred: Result Row Count: 6, Expected Row Count: 6", "process": "ddqc"}
{"timestamp": "2023-09-04 19:14:09", "level": "INFO", "module": "test", "function": "test_row_counts_match", "line": 75, "message": "Sheet Invalid Scoring: Result Row Count: 3, Expected Row Count: 3", "process": "ddqc"}
{"timestamp": "2023-09-04 19:14:09", "level": "INFO", "module": "test", "function": "test_row_counts_match", "line": 75, "message": "Sheet People Ready - Warrant Issue: Result Row Count: 5, Expected Row Count: 5", "process": "ddqc"}
{"timestamp": "2023-09-04 19:14:10", "level": "INFO", "module": "test", "function": "test_row_counts_match", "line": 75, "message": "Sheet People Ready - (Felony): Result Row Count: 2, Expected Row Count: 2", "process": "ddqc"}
{"timestamp": "2023-09-04 19:14:10", "level": "INFO", "module": "test", "function": "test_row_counts_match", "line": 75, "message": "Sheet People Ready - (Less than Misd): Result Row Count: 1, Expected Row Count: 2", "process": "ddqc"}
{"timestamp": "2023-09-04 19:14:10", "level": "INFO", "module": "test", "function": "test_row_counts_match", "line": 75, "message": "Sheet DG Retail - Scoring: Result Row Count: 1, Expected Row Count: 1", "process": "ddqc"}
{"timestamp": "2023-09-04 19:14:10", "level": "INFO", "module": "test", "function": "test_row_counts_match", "line": 75, "message": "Sheet DG Retail - Hawaii: Result Row Count: 1, Expected Row Count: 2", "process": "ddqc"}
{"timestamp": "2023-09-04 19:14:10", "level": "INFO", "module": "test", "function": "test_row_counts_match", "line": 75, "message": "Sheet DG Retail - Philadelphia, PA: Result Row Count: 1, Expected Row Count: 1", "process": "ddqc"}
{"timestamp": "2023-09-04 19:14:10", "level": "INFO", "module": "test", "function": "test_row_counts_match", "line": 75, "message": "Sheet DG Retail - (Less than Misd): Result Row Count: 1, Expected Row Count: 1", "process": "ddqc"}
{"timestamp": "2023-09-04 19:14:10", "level": "INFO", "module": "test", "function": "test_row_counts_match", "line": 75, "message": "Sheet Walgreens - Scoring: Result Row Count: 1, Expected Row Count: 1", "process": "ddqc"}
{"timestamp": "2023-09-04 19:14:10", "level": "INFO", "module": "test", "function": "test_row_counts_match", "line": 75, "message": "Sheet Walgreens - Hawaii: Result Row Count: 2, Expected Row Count: 2", "process": "ddqc"}
{"timestamp": "2023-09-04 19:14:10", "level": "INFO", "module": "test", "function": "test_row_counts_match", "line": 75, "message": "Sheet Walgreens - Philadelphia, PA: Result Row Count: 1, Expected Row Count: 10", "process": "ddqc"}
{"timestamp": "2023-09-04 19:14:11", "level": "INFO", "module": "test", "function": "test_row_counts_match", "line": 75, "message": "Sheet Walgreens - (Pending Charges): Result Row Count: 2, Expected Row Count: 2", "process": "ddqc"}
{"timestamp": "2023-09-04 19:14:11", "level": "INFO", "module": "test", "function": "test_row_counts_match", "line": 75, "message": "Sheet Walgreens - (Active Deferrals): Result Row Count: 2, Expected Row Count: 2", "process": "ddqc"}
{"timestamp": "2023-09-04 19:14:11", "level": "INFO", "module": "test", "function": "test_row_counts_match", "line": 75, "message": "Sheet Arise - (Pending Deferred Char): Result Row Count: 2, Expected Row Count: 2", "process": "ddqc"}
{"timestamp": "2023-09-04 19:14:11", "level": "INFO", "module": "test", "function": "test_row_counts_match", "line": 75, "message": "Sheet Arise - Reporting: Result Row Count: 2, Expected Row Count: 2", "process": "ddqc"}
