{"timestamp": "2023-09-15 15:33:56", "level": "INFO", "module": "test", "function": "<module>", "line": 38, "message": "ddqc-- execution started", "process": "ddqc"}
{"timestamp": "2023-09-15 15:38:05", "level": "INFO", "module": "call_data_filter", "function": "ph2_data_filter", "line": 150, "message": "Non-conviction Pending Deferred-completed", "process": "ddqc"}
{"timestamp": "2023-09-15 15:38:10", "level": "INFO", "module": "call_data_filter", "function": "ph2_data_filter", "line": 150, "message": "Invalid Scoring-completed", "process": "ddqc"}
{"timestamp": "2023-09-15 15:38:13", "level": "INFO", "module": "call_data_filter", "function": "ph2_data_filter", "line": 150, "message": "People Ready - Warrant Issue-completed", "process": "ddqc"}
{"timestamp": "2023-09-15 15:38:17", "level": "INFO", "module": "call_data_filter", "function": "ph2_data_filter", "line": 150, "message": "People Ready - (Felony)-completed", "process": "ddqc"}
{"timestamp": "2023-09-15 15:38:20", "level": "INFO", "module": "call_data_filter", "function": "ph2_data_filter", "line": 150, "message": "People Ready - (Less than Misd)-completed", "process": "ddqc"}
{"timestamp": "2023-09-15 15:38:23", "level": "INFO", "module": "call_data_filter", "function": "ph2_data_filter", "line": 150, "message": "DG Retail - Scoring-completed", "process": "ddqc"}
{"timestamp": "2023-09-15 15:38:26", "level": "INFO", "module": "call_data_filter", "function": "ph2_data_filter", "line": 150, "message": "DG Retail - Hawaii-completed", "process": "ddqc"}
{"timestamp": "2023-09-15 15:38:29", "level": "INFO", "module": "call_data_filter", "function": "ph2_data_filter", "line": 150, "message": "DG Retail - Philadelphia, PA-completed", "process": "ddqc"}
{"timestamp": "2023-09-15 15:38:31", "level": "INFO", "module": "call_data_filter", "function": "ph2_data_filter", "line": 150, "message": "DG Retail - (Less than Misd)-completed", "process": "ddqc"}
{"timestamp": "2023-09-15 15:38:34", "level": "INFO", "module": "call_data_filter", "function": "ph2_data_filter", "line": 150, "message": "Walgreens - Scoring-completed", "process": "ddqc"}
{"timestamp": "2023-09-15 15:38:37", "level": "INFO", "module": "call_data_filter", "function": "ph2_data_filter", "line": 150, "message": "Walgreens - Hawaii-completed", "process": "ddqc"}
{"timestamp": "2023-09-15 15:38:40", "level": "INFO", "module": "call_data_filter", "function": "ph2_data_filter", "line": 150, "message": "Walgreens - Philadelphia, PA-completed", "process": "ddqc"}
{"timestamp": "2023-09-15 15:38:43", "level": "INFO", "module": "call_data_filter", "function": "ph2_data_filter", "line": 150, "message": "Walgreens - (Pending Charges)-completed", "process": "ddqc"}
{"timestamp": "2023-09-15 15:38:46", "level": "INFO", "module": "call_data_filter", "function": "ph2_data_filter", "line": 150, "message": "Walgreens - (Active Deferrals)-completed", "process": "ddqc"}
{"timestamp": "2023-09-15 15:38:49", "level": "INFO", "module": "call_data_filter", "function": "ph2_data_filter", "line": 150, "message": "Arise - (Pending Deferred Char)-completed", "process": "ddqc"}
{"timestamp": "2023-09-15 15:38:52", "level": "INFO", "module": "call_data_filter", "function": "ph2_data_filter", "line": 150, "message": "Arise - Reporting-completed", "process": "ddqc"}
{"timestamp": "2023-09-15 15:38:55", "level": "INFO", "module": "call_data_filter", "function": "ph2_data_filter", "line": 157, "message": "C:\\Users\\mjeevaba\\Documents\\Python\\DDQC\\DDQC 2.0\\Sharepath\\email\\2023-09-15\\2023_09_15_15_38_03_DDQC report_Phase2.xlsx-saved successfully", "process": "ddqc"}
{"timestamp": "2023-09-15 15:44:06", "level": "INFO", "module": "test", "function": "<module>", "line": 38, "message": "ddqc-- execution started", "process": "ddqc"}
{"timestamp": "2023-09-15 15:48:08", "level": "INFO", "module": "call_data_filter", "function": "ph1_data_filter", "line": 49, "message": "ph1_req1-completed", "process": "ddqc"}
{"timestamp": "2023-09-15 15:48:09", "level": "INFO", "module": "call_data_filter", "function": "ph1_data_filter", "line": 49, "message": "ph1_req2-completed", "process": "ddqc"}
{"timestamp": "2023-09-15 15:48:09", "level": "INFO", "module": "call_data_filter", "function": "ph1_data_filter", "line": 49, "message": "ph1_req3-completed", "process": "ddqc"}
{"timestamp": "2023-09-15 15:48:09", "level": "INFO", "module": "call_data_filter", "function": "ph1_data_filter", "line": 49, "message": "ph1_req4-completed", "process": "ddqc"}
{"timestamp": "2023-09-15 15:48:09", "level": "INFO", "module": "call_data_filter", "function": "ph1_data_filter", "line": 49, "message": "ph1_req5-completed", "process": "ddqc"}
{"timestamp": "2023-09-15 15:48:09", "level": "INFO", "module": "call_data_filter", "function": "ph1_data_filter", "line": 49, "message": "ph1_req6-completed", "process": "ddqc"}
{"timestamp": "2023-09-15 15:48:09", "level": "INFO", "module": "call_data_filter", "function": "ph1_data_filter", "line": 49, "message": "ph1_req8-completed", "process": "ddqc"}
{"timestamp": "2023-09-15 15:48:09", "level": "INFO", "module": "call_data_filter", "function": "ph1_data_filter", "line": 49, "message": "ph1_req10-completed", "process": "ddqc"}
{"timestamp": "2023-09-15 15:48:09", "level": "INFO", "module": "call_data_filter", "function": "ph1_data_filter", "line": 49, "message": "ph1_req11-completed", "process": "ddqc"}
{"timestamp": "2023-09-15 15:48:09", "level": "INFO", "module": "call_data_filter", "function": "ph1_data_filter", "line": 49, "message": "ph1_req12-completed", "process": "ddqc"}
{"timestamp": "2023-09-15 15:48:09", "level": "INFO", "module": "call_data_filter", "function": "ph1_data_filter", "line": 53, "message": "C:\\Users\\mjeevaba\\Documents\\Python\\DDQC\\DDQC 2.0\\Sharepath\\email\\2023-09-15\\2023_09_15_15_48_08_DDQC report_Phase1.xlsx-saved successfully", "process": "ddqc"}
{"timestamp": "2023-09-15 15:49:30", "level": "INFO", "module": "test", "function": "<module>", "line": 38, "message": "ddqc-- execution started", "process": "ddqc"}
{"timestamp": "2023-09-15 15:50:03", "level": "ERROR", "module": "test", "function": "<module>", "line": 52, "message": "Traceback (most recent call last):\n  File \"c:\\Users\\mjeevaba\\Documents\\Python\\DDQC\\DDQC 2.0\\Code\\DDQC Rule Engine\\test.py\", line 50, in <module>\n    dict_transaction = process(config, dict_transaction)\n                       ^^^^^^^^^^^^^^^^^^^^^^^^^^^^^^^^^\n  File \"c:\\Users\\mjeevaba\\Documents\\Python\\DDQC\\DDQC 2.0\\Code\\DDQC Rule Engine\\Project\\z_process.py\", line 18, in process\n    dict_transaction = call_data_filter.ph1_data_filter(config, dict_transaction)\n                       ^^^^^^^^^^^^^^^^^^^^^^^^^^^^^^^^^^^^^^^^^^^^^^^^^^^^^^^^^^\n  File \"c:\\Users\\mjeevaba\\Documents\\Python\\DDQC\\DDQC 2.0\\Code\\DDQC Rule Engine\\Project\\call_data_filter.py\", line 23, in ph1_data_filter\n    \"ph1_req6\": ddqc1.req6_dispo_dispo_date(Refs.ph1_ref4_list),\n                ^^^^^^^^^^^^^^^^^^^^^^^^^^^^^^^^^^^^^^^^^^^^^^^\n  File \"c:\\Users\\mjeevaba\\Documents\\Python\\DDQC\\DDQC 2.0\\Code\\DDQC Rule Engine\\Project\\data_filter_ph1.py\", line 98, in req6_dispo_dispo_date\n    if self.sub_future_date(row[\"DISPOSTION DATE\"]):\n       ^^^^^^^^^^^^^^^^^^^^^^^^^^^^^^^^^^^^^^^^^^^^\n  File \"c:\\Users\\mjeevaba\\Documents\\Python\\DDQC\\DDQC 2.0\\Code\\DDQC Rule Engine\\Project\\data_filter_ph1.py\", line 35, in sub_future_date\n    given_date = datetime.strptime(date_str, \"%m-%d-%Y\")\n                 ^^^^^^^^^^^^^^^^^^^^^^^^^^^^^^^^^^^^^^^\n  File \"C:\\Users\\mjeevaba\\AppData\\Local\\Programs\\Python\\Python311\\Lib\\_strptime.py\", line 568, in _strptime_datetime\n    tt, fraction, gmtoff_fraction = _strptime(data_string, format)\n                                    ^^^^^^^^^^^^^^^^^^^^^^^^^^^^^^\n  File \"C:\\Users\\mjeevaba\\AppData\\Local\\Programs\\Python\\Python311\\Lib\\_strptime.py\", line 349, in _strptime\n    raise ValueError(\"time data %r does not match format %r\" %\nValueError: time data '9/1/1801' does not match format '%m-%d-%Y'\n", "process": "ddqc"}
{"timestamp": "2023-09-15 16:29:43", "level": "INFO", "module": "test", "function": "<module>", "line": 38, "message": "ddqc-- execution started", "process": "ddqc"}
{"timestamp": "2023-09-15 16:30:16", "level": "ERROR", "module": "test", "function": "<module>", "line": 52, "message": "Traceback (most recent call last):\n  File \"c:\\Users\\mjeevaba\\Documents\\Python\\DDQC\\DDQC 2.0\\Code\\DDQC Rule Engine\\test.py\", line 50, in <module>\n    dict_transaction = process(config, dict_transaction)\n                       ^^^^^^^^^^^^^^^^^^^^^^^^^^^^^^^^^\n  File \"c:\\Users\\mjeevaba\\Documents\\Python\\DDQC\\DDQC 2.0\\Code\\DDQC Rule Engine\\Project\\z_process.py\", line 18, in process\n    dict_transaction = call_data_filter.ph1_data_filter(config, dict_transaction)\n                       ^^^^^^^^^^^^^^^^^^^^^^^^^^^^^^^^^^^^^^^^^^^^^^^^^^^^^^^^^^\n  File \"c:\\Users\\mjeevaba\\Documents\\Python\\DDQC\\DDQC 2.0\\Code\\DDQC Rule Engine\\Project\\call_data_filter.py\", line 23, in ph1_data_filter\n    \"ph1_req6\": ddqc1.req6_dispo_dispo_date(Refs.ph1_ref4_list),\n                ^^^^^^^^^^^^^^^^^^^^^^^^^^^^^^^^^^^^^^^^^^^^^^^\n  File \"c:\\Users\\mjeevaba\\Documents\\Python\\DDQC\\DDQC 2.0\\Code\\DDQC Rule Engine\\Project\\data_filter_ph1.py\", line 108, in req6_dispo_dispo_date\n    if self.sub_future_date(row[\"DISPOSTION DATE\"]):\n       ^^^^^^^^^^^^^^^^^^^^^^^^^^^^^^^^^^^^^^^^^^^^\n  File \"c:\\Users\\mjeevaba\\Documents\\Python\\DDQC\\DDQC 2.0\\Code\\DDQC Rule Engine\\Project\\data_filter_ph1.py\", line 36, in sub_future_date\n    given_date = datetime.strptime(date_input, \"%m-%d-%Y\")\n                 ^^^^^^^^^^^^^^^^^^^^^^^^^^^^^^^^^^^^^^^^^\n  File \"C:\\Users\\mjeevaba\\AppData\\Local\\Programs\\Python\\Python311\\Lib\\_strptime.py\", line 568, in _strptime_datetime\n    tt, fraction, gmtoff_fraction = _strptime(data_string, format)\n                                    ^^^^^^^^^^^^^^^^^^^^^^^^^^^^^^\n  File \"C:\\Users\\mjeevaba\\AppData\\Local\\Programs\\Python\\Python311\\Lib\\_strptime.py\", line 349, in _strptime\n    raise ValueError(\"time data %r does not match format %r\" %\nValueError: time data '9/1/1801' does not match format '%m-%d-%Y'\n", "process": "ddqc"}
{"timestamp": "2023-09-15 16:32:26", "level": "INFO", "module": "test", "function": "<module>", "line": 38, "message": "ddqc-- execution started", "process": "ddqc"}
{"timestamp": "2023-09-15 16:33:00", "level": "INFO", "module": "call_data_filter", "function": "ph1_data_filter", "line": 49, "message": "ph1_req1-completed", "process": "ddqc"}
{"timestamp": "2023-09-15 16:33:00", "level": "INFO", "module": "call_data_filter", "function": "ph1_data_filter", "line": 49, "message": "ph1_req2-completed", "process": "ddqc"}
{"timestamp": "2023-09-15 16:33:00", "level": "INFO", "module": "call_data_filter", "function": "ph1_data_filter", "line": 49, "message": "ph1_req3-completed", "process": "ddqc"}
{"timestamp": "2023-09-15 16:33:00", "level": "INFO", "module": "call_data_filter", "function": "ph1_data_filter", "line": 49, "message": "ph1_req4-completed", "process": "ddqc"}
{"timestamp": "2023-09-15 16:33:00", "level": "INFO", "module": "call_data_filter", "function": "ph1_data_filter", "line": 49, "message": "ph1_req5-completed", "process": "ddqc"}
{"timestamp": "2023-09-15 16:33:00", "level": "INFO", "module": "call_data_filter", "function": "ph1_data_filter", "line": 49, "message": "ph1_req6-completed", "process": "ddqc"}
{"timestamp": "2023-09-15 16:33:00", "level": "INFO", "module": "call_data_filter", "function": "ph1_data_filter", "line": 49, "message": "ph1_req8-completed", "process": "ddqc"}
{"timestamp": "2023-09-15 16:33:00", "level": "INFO", "module": "call_data_filter", "function": "ph1_data_filter", "line": 49, "message": "ph1_req10-completed", "process": "ddqc"}
{"timestamp": "2023-09-15 16:33:00", "level": "INFO", "module": "call_data_filter", "function": "ph1_data_filter", "line": 49, "message": "ph1_req11-completed", "process": "ddqc"}
{"timestamp": "2023-09-15 16:33:00", "level": "INFO", "module": "call_data_filter", "function": "ph1_data_filter", "line": 49, "message": "ph1_req12-completed", "process": "ddqc"}
{"timestamp": "2023-09-15 16:33:00", "level": "INFO", "module": "call_data_filter", "function": "ph1_data_filter", "line": 53, "message": "C:\\Users\\mjeevaba\\Documents\\Python\\DDQC\\DDQC 2.0\\Sharepath\\email\\2023-09-15\\2023_09_15_16_33_00_DDQC report_Phase1.xlsx-saved successfully", "process": "ddqc"}
{"timestamp": "2023-09-15 18:10:27", "level": "INFO", "module": "test", "function": "<module>", "line": 38, "message": "ddqc-- execution started", "process": "ddqc"}
{"timestamp": "2023-09-15 18:10:30", "level": "INFO", "module": "call_data_filter", "function": "ph1_data_filter", "line": 49, "message": "Charge Type-completed", "process": "ddqc"}
{"timestamp": "2023-09-15 18:10:30", "level": "INFO", "module": "call_data_filter", "function": "ph1_data_filter", "line": 49, "message": "Count Score-completed", "process": "ddqc"}
{"timestamp": "2023-09-15 18:10:30", "level": "INFO", "module": "call_data_filter", "function": "ph1_data_filter", "line": 49, "message": "ph1_req3-completed", "process": "ddqc"}
{"timestamp": "2023-09-15 18:10:30", "level": "INFO", "module": "call_data_filter", "function": "ph1_data_filter", "line": 49, "message": "ph1_req4-completed", "process": "ddqc"}
{"timestamp": "2023-09-15 18:10:30", "level": "INFO", "module": "call_data_filter", "function": "ph1_data_filter", "line": 49, "message": "ph1_req5-completed", "process": "ddqc"}
{"timestamp": "2023-09-15 18:10:30", "level": "INFO", "module": "call_data_filter", "function": "ph1_data_filter", "line": 49, "message": "ph1_req6-completed", "process": "ddqc"}
{"timestamp": "2023-09-15 18:10:30", "level": "INFO", "module": "call_data_filter", "function": "ph1_data_filter", "line": 49, "message": "ph1_req8-completed", "process": "ddqc"}
{"timestamp": "2023-09-15 18:10:30", "level": "INFO", "module": "call_data_filter", "function": "ph1_data_filter", "line": 49, "message": "ph1_req10-completed", "process": "ddqc"}
{"timestamp": "2023-09-15 18:10:30", "level": "INFO", "module": "call_data_filter", "function": "ph1_data_filter", "line": 49, "message": "ph1_req11-completed", "process": "ddqc"}
{"timestamp": "2023-09-15 18:10:30", "level": "INFO", "module": "call_data_filter", "function": "ph1_data_filter", "line": 49, "message": "ph1_req12-completed", "process": "ddqc"}
{"timestamp": "2023-09-15 18:10:30", "level": "INFO", "module": "call_data_filter", "function": "ph1_data_filter", "line": 53, "message": "C:\\Users\\mjeevaba\\Documents\\Python\\DDQC\\DDQC 2.0\\Sharepath\\email\\2023-09-15\\2023_09_15_18_10_30_DDQC report_Phase1.xlsx-saved successfully", "process": "ddqc"}
{"timestamp": "2023-09-15 18:25:58", "level": "INFO", "module": "main", "function": "<module>", "line": 43, "message": "ddqc-- execution started", "process": "ddqc"}
