{"timestamp": "2024-04-09 12:00:27", "level": "INFO", "module": "main", "function": "<module>", "line": 43, "message": "nsopw-- execution started", "process": "nsopw"}
{"timestamp": "2024-04-09 12:00:27", "level": "DEBUG", "module": "main", "function": "__init__", "line": 53, "message": "Framework initiated", "process": "nsopw"}
{"timestamp": "2024-04-09 12:00:27", "level": "DEBUG", "module": "main", "function": "init_all_settings", "line": 58, "message": "init all settings completed", "process": "nsopw"}
{"timestamp": "2024-04-09 12:00:27", "level": "DEBUG", "module": "main", "function": "init_all_applications", "line": 63, "message": "init all application completed", "process": "nsopw"}
{"timestamp": "2024-04-09 12:00:27", "level": "DEBUG", "module": "main", "function": "get_transaction_data", "line": 70, "message": "get transaction data completed", "process": "nsopw"}
{"timestamp": "2024-04-09 12:00:27", "level": "INFO", "module": "main", "function": "process_transaction", "line": 74, "message": "process started", "process": "nsopw"}
{"timestamp": "2024-04-09 12:00:27", "level": "INFO", "module": "z_process", "function": "process", "line": 18, "message": "106 - transaction started", "process": "nsopw"}
{"timestamp": "2024-04-09 12:00:28", "level": "INFO", "module": "z_process", "function": "process", "line": 23, "message": "106 - transaction completed", "process": "nsopw"}
{"timestamp": "2024-04-09 12:00:28", "level": "DEBUG", "module": "main", "function": "process_transaction", "line": 80, "message": "process completed", "process": "nsopw"}
{"timestamp": "2024-04-09 12:00:28", "level": "DEBUG", "module": "main", "function": "set_transaction_status", "line": 90, "message": "set transaction completed", "process": "nsopw"}
{"timestamp": "2024-04-09 12:00:28", "level": "DEBUG", "module": "main", "function": "get_transaction_data", "line": 70, "message": "get transaction data completed", "process": "nsopw"}
{"timestamp": "2024-04-09 12:00:28", "level": "DEBUG", "module": "main", "function": "run", "line": 100, "message": "transaction data received empty. so exiting the process", "process": "nsopw"}
{"timestamp": "2024-04-09 12:00:31", "level": "DEBUG", "module": "main", "function": "get_transaction_data", "line": 70, "message": "get transaction data completed", "process": "nsopw"}
{"timestamp": "2024-04-09 12:00:31", "level": "DEBUG", "module": "main", "function": "run", "line": 100, "message": "transaction data received empty. so exiting the process", "process": "nsopw"}
{"timestamp": "2024-04-09 12:00:34", "level": "DEBUG", "module": "main", "function": "get_transaction_data", "line": 70, "message": "get transaction data completed", "process": "nsopw"}
{"timestamp": "2024-04-09 12:00:34", "level": "DEBUG", "module": "main", "function": "run", "line": 100, "message": "transaction data received empty. so exiting the process", "process": "nsopw"}
{"timestamp": "2024-04-09 12:02:33", "level": "INFO", "module": "main", "function": "<module>", "line": 43, "message": "nsopw-- execution started", "process": "nsopw"}
{"timestamp": "2024-04-09 12:02:33", "level": "DEBUG", "module": "main", "function": "__init__", "line": 53, "message": "Framework initiated", "process": "nsopw"}
{"timestamp": "2024-04-09 12:02:33", "level": "DEBUG", "module": "main", "function": "init_all_settings", "line": 58, "message": "init all settings completed", "process": "nsopw"}
{"timestamp": "2024-04-09 12:02:33", "level": "DEBUG", "module": "main", "function": "init_all_applications", "line": 63, "message": "init all application completed", "process": "nsopw"}
{"timestamp": "2024-04-09 12:02:33", "level": "DEBUG", "module": "main", "function": "get_transaction_data", "line": 70, "message": "get transaction data completed", "process": "nsopw"}
{"timestamp": "2024-04-09 12:02:33", "level": "DEBUG", "module": "main", "function": "run", "line": 100, "message": "transaction data received empty. so exiting the process", "process": "nsopw"}
{"timestamp": "2024-04-09 12:02:36", "level": "DEBUG", "module": "main", "function": "get_transaction_data", "line": 70, "message": "get transaction data completed", "process": "nsopw"}
{"timestamp": "2024-04-09 12:02:36", "level": "DEBUG", "module": "main", "function": "run", "line": 100, "message": "transaction data received empty. so exiting the process", "process": "nsopw"}
{"timestamp": "2024-04-09 12:02:39", "level": "DEBUG", "module": "main", "function": "get_transaction_data", "line": 70, "message": "get transaction data completed", "process": "nsopw"}
{"timestamp": "2024-04-09 12:02:39", "level": "DEBUG", "module": "main", "function": "run", "line": 100, "message": "transaction data received empty. so exiting the process", "process": "nsopw"}
{"timestamp": "2024-04-09 12:03:34", "level": "INFO", "module": "main", "function": "<module>", "line": 43, "message": "nsopw-- execution started", "process": "nsopw"}
{"timestamp": "2024-04-09 12:03:34", "level": "DEBUG", "module": "main", "function": "__init__", "line": 53, "message": "Framework initiated", "process": "nsopw"}
{"timestamp": "2024-04-09 12:03:34", "level": "DEBUG", "module": "main", "function": "init_all_settings", "line": 58, "message": "init all settings completed", "process": "nsopw"}
{"timestamp": "2024-04-09 12:03:34", "level": "DEBUG", "module": "main", "function": "init_all_applications", "line": 63, "message": "init all application completed", "process": "nsopw"}
{"timestamp": "2024-04-09 12:03:34", "level": "DEBUG", "module": "main", "function": "get_transaction_data", "line": 70, "message": "get transaction data completed", "process": "nsopw"}
{"timestamp": "2024-04-09 12:03:34", "level": "INFO", "module": "main", "function": "process_transaction", "line": 74, "message": "process started", "process": "nsopw"}
{"timestamp": "2024-04-09 12:03:34", "level": "INFO", "module": "z_process", "function": "process", "line": 18, "message": "106 - transaction started", "process": "nsopw"}
{"timestamp": "2024-04-09 12:06:00", "level": "INFO", "module": "z_process", "function": "process", "line": 23, "message": "106 - transaction completed", "process": "nsopw"}
{"timestamp": "2024-04-09 12:06:00", "level": "DEBUG", "module": "main", "function": "process_transaction", "line": 80, "message": "process completed", "process": "nsopw"}
{"timestamp": "2024-04-09 12:06:00", "level": "DEBUG", "module": "main", "function": "set_transaction_status", "line": 90, "message": "set transaction completed", "process": "nsopw"}
{"timestamp": "2024-04-09 12:06:00", "level": "DEBUG", "module": "main", "function": "get_transaction_data", "line": 70, "message": "get transaction data completed", "process": "nsopw"}
{"timestamp": "2024-04-09 12:06:00", "level": "DEBUG", "module": "main", "function": "run", "line": 100, "message": "transaction data received empty. so exiting the process", "process": "nsopw"}
{"timestamp": "2024-04-09 12:06:03", "level": "DEBUG", "module": "main", "function": "get_transaction_data", "line": 70, "message": "get transaction data completed", "process": "nsopw"}
{"timestamp": "2024-04-09 12:06:03", "level": "DEBUG", "module": "main", "function": "run", "line": 100, "message": "transaction data received empty. so exiting the process", "process": "nsopw"}
{"timestamp": "2024-04-09 12:06:06", "level": "DEBUG", "module": "main", "function": "get_transaction_data", "line": 70, "message": "get transaction data completed", "process": "nsopw"}
{"timestamp": "2024-04-09 12:06:06", "level": "DEBUG", "module": "main", "function": "run", "line": 100, "message": "transaction data received empty. so exiting the process", "process": "nsopw"}
{"timestamp": "2024-04-09 12:06:09", "level": "DEBUG", "module": "main", "function": "get_transaction_data", "line": 70, "message": "get transaction data completed", "process": "nsopw"}
{"timestamp": "2024-04-09 12:06:09", "level": "DEBUG", "module": "main", "function": "run", "line": 100, "message": "transaction data received empty. so exiting the process", "process": "nsopw"}
{"timestamp": "2024-04-09 12:06:12", "level": "DEBUG", "module": "main", "function": "get_transaction_data", "line": 70, "message": "get transaction data completed", "process": "nsopw"}
{"timestamp": "2024-04-09 12:06:12", "level": "DEBUG", "module": "main", "function": "run", "line": 100, "message": "transaction data received empty. so exiting the process", "process": "nsopw"}
{"timestamp": "2024-04-09 12:06:15", "level": "DEBUG", "module": "main", "function": "get_transaction_data", "line": 70, "message": "get transaction data completed", "process": "nsopw"}
{"timestamp": "2024-04-09 12:06:15", "level": "DEBUG", "module": "main", "function": "run", "line": 100, "message": "transaction data received empty. so exiting the process", "process": "nsopw"}
{"timestamp": "2024-04-09 12:06:18", "level": "DEBUG", "module": "main", "function": "get_transaction_data", "line": 70, "message": "get transaction data completed", "process": "nsopw"}
{"timestamp": "2024-04-09 12:06:18", "level": "DEBUG", "module": "main", "function": "run", "line": 100, "message": "transaction data received empty. so exiting the process", "process": "nsopw"}
{"timestamp": "2024-04-09 12:10:16", "level": "INFO", "module": "main", "function": "<module>", "line": 43, "message": "nsopw-- execution started", "process": "nsopw"}
{"timestamp": "2024-04-09 12:10:16", "level": "DEBUG", "module": "main", "function": "__init__", "line": 53, "message": "Framework initiated", "process": "nsopw"}
{"timestamp": "2024-04-09 12:10:16", "level": "DEBUG", "module": "main", "function": "init_all_settings", "line": 58, "message": "init all settings completed", "process": "nsopw"}
{"timestamp": "2024-04-09 12:10:16", "level": "DEBUG", "module": "main", "function": "init_all_applications", "line": 63, "message": "init all application completed", "process": "nsopw"}
{"timestamp": "2024-04-09 12:10:16", "level": "DEBUG", "module": "main", "function": "get_transaction_data", "line": 70, "message": "get transaction data completed", "process": "nsopw"}
{"timestamp": "2024-04-09 12:10:16", "level": "INFO", "module": "main", "function": "process_transaction", "line": 74, "message": "process started", "process": "nsopw"}
{"timestamp": "2024-04-09 12:10:16", "level": "INFO", "module": "z_process", "function": "process", "line": 18, "message": "106 - transaction started", "process": "nsopw"}
{"timestamp": "2024-04-09 12:12:33", "level": "INFO", "module": "z_process", "function": "process", "line": 23, "message": "106 - transaction completed", "process": "nsopw"}
{"timestamp": "2024-04-09 12:12:33", "level": "DEBUG", "module": "main", "function": "process_transaction", "line": 80, "message": "process completed", "process": "nsopw"}
{"timestamp": "2024-04-09 12:12:33", "level": "DEBUG", "module": "main", "function": "set_transaction_status", "line": 90, "message": "set transaction completed", "process": "nsopw"}
{"timestamp": "2024-04-09 12:12:33", "level": "DEBUG", "module": "main", "function": "get_transaction_data", "line": 70, "message": "get transaction data completed", "process": "nsopw"}
{"timestamp": "2024-04-09 12:12:33", "level": "DEBUG", "module": "main", "function": "run", "line": 100, "message": "transaction data received empty. so exiting the process", "process": "nsopw"}
{"timestamp": "2024-04-09 12:12:36", "level": "DEBUG", "module": "main", "function": "get_transaction_data", "line": 70, "message": "get transaction data completed", "process": "nsopw"}
{"timestamp": "2024-04-09 12:12:36", "level": "DEBUG", "module": "main", "function": "run", "line": 100, "message": "transaction data received empty. so exiting the process", "process": "nsopw"}
{"timestamp": "2024-04-09 12:12:39", "level": "DEBUG", "module": "main", "function": "get_transaction_data", "line": 70, "message": "get transaction data completed", "process": "nsopw"}
{"timestamp": "2024-04-09 12:12:39", "level": "DEBUG", "module": "main", "function": "run", "line": 100, "message": "transaction data received empty. so exiting the process", "process": "nsopw"}
{"timestamp": "2024-04-09 12:12:42", "level": "DEBUG", "module": "main", "function": "get_transaction_data", "line": 70, "message": "get transaction data completed", "process": "nsopw"}
{"timestamp": "2024-04-09 12:12:42", "level": "DEBUG", "module": "main", "function": "run", "line": 100, "message": "transaction data received empty. so exiting the process", "process": "nsopw"}
{"timestamp": "2024-04-09 12:12:45", "level": "DEBUG", "module": "main", "function": "get_transaction_data", "line": 70, "message": "get transaction data completed", "process": "nsopw"}
{"timestamp": "2024-04-09 12:12:45", "level": "DEBUG", "module": "main", "function": "run", "line": 100, "message": "transaction data received empty. so exiting the process", "process": "nsopw"}
{"timestamp": "2024-04-09 12:12:48", "level": "DEBUG", "module": "main", "function": "get_transaction_data", "line": 70, "message": "get transaction data completed", "process": "nsopw"}
{"timestamp": "2024-04-09 12:12:48", "level": "DEBUG", "module": "main", "function": "run", "line": 100, "message": "transaction data received empty. so exiting the process", "process": "nsopw"}
{"timestamp": "2024-04-09 12:12:51", "level": "DEBUG", "module": "main", "function": "get_transaction_data", "line": 70, "message": "get transaction data completed", "process": "nsopw"}
{"timestamp": "2024-04-09 12:12:51", "level": "DEBUG", "module": "main", "function": "run", "line": 100, "message": "transaction data received empty. so exiting the process", "process": "nsopw"}
{"timestamp": "2024-04-09 12:12:54", "level": "DEBUG", "module": "main", "function": "get_transaction_data", "line": 70, "message": "get transaction data completed", "process": "nsopw"}
{"timestamp": "2024-04-09 12:12:54", "level": "DEBUG", "module": "main", "function": "run", "line": 100, "message": "transaction data received empty. so exiting the process", "process": "nsopw"}
{"timestamp": "2024-04-09 12:12:57", "level": "DEBUG", "module": "main", "function": "get_transaction_data", "line": 70, "message": "get transaction data completed", "process": "nsopw"}
{"timestamp": "2024-04-09 12:12:57", "level": "DEBUG", "module": "main", "function": "run", "line": 100, "message": "transaction data received empty. so exiting the process", "process": "nsopw"}
{"timestamp": "2024-04-09 12:13:00", "level": "DEBUG", "module": "main", "function": "get_transaction_data", "line": 70, "message": "get transaction data completed", "process": "nsopw"}
{"timestamp": "2024-04-09 12:13:00", "level": "DEBUG", "module": "main", "function": "run", "line": 100, "message": "transaction data received empty. so exiting the process", "process": "nsopw"}
{"timestamp": "2024-04-09 12:13:03", "level": "DEBUG", "module": "main", "function": "get_transaction_data", "line": 70, "message": "get transaction data completed", "process": "nsopw"}
{"timestamp": "2024-04-09 12:13:03", "level": "DEBUG", "module": "main", "function": "run", "line": 100, "message": "transaction data received empty. so exiting the process", "process": "nsopw"}
{"timestamp": "2024-04-09 12:13:06", "level": "DEBUG", "module": "main", "function": "get_transaction_data", "line": 70, "message": "get transaction data completed", "process": "nsopw"}
{"timestamp": "2024-04-09 12:13:06", "level": "DEBUG", "module": "main", "function": "run", "line": 100, "message": "transaction data received empty. so exiting the process", "process": "nsopw"}
{"timestamp": "2024-04-09 12:13:09", "level": "DEBUG", "module": "main", "function": "get_transaction_data", "line": 70, "message": "get transaction data completed", "process": "nsopw"}
{"timestamp": "2024-04-09 12:13:09", "level": "DEBUG", "module": "main", "function": "run", "line": 100, "message": "transaction data received empty. so exiting the process", "process": "nsopw"}
{"timestamp": "2024-04-09 12:13:12", "level": "DEBUG", "module": "main", "function": "get_transaction_data", "line": 70, "message": "get transaction data completed", "process": "nsopw"}
{"timestamp": "2024-04-09 12:13:12", "level": "DEBUG", "module": "main", "function": "run", "line": 100, "message": "transaction data received empty. so exiting the process", "process": "nsopw"}
{"timestamp": "2024-04-09 12:13:15", "level": "DEBUG", "module": "main", "function": "get_transaction_data", "line": 70, "message": "get transaction data completed", "process": "nsopw"}
{"timestamp": "2024-04-09 12:13:15", "level": "DEBUG", "module": "main", "function": "run", "line": 100, "message": "transaction data received empty. so exiting the process", "process": "nsopw"}
{"timestamp": "2024-04-09 12:13:18", "level": "DEBUG", "module": "main", "function": "get_transaction_data", "line": 70, "message": "get transaction data completed", "process": "nsopw"}
{"timestamp": "2024-04-09 12:13:18", "level": "DEBUG", "module": "main", "function": "run", "line": 100, "message": "transaction data received empty. so exiting the process", "process": "nsopw"}
{"timestamp": "2024-04-09 12:13:21", "level": "DEBUG", "module": "main", "function": "get_transaction_data", "line": 70, "message": "get transaction data completed", "process": "nsopw"}
{"timestamp": "2024-04-09 12:13:21", "level": "DEBUG", "module": "main", "function": "run", "line": 100, "message": "transaction data received empty. so exiting the process", "process": "nsopw"}
{"timestamp": "2024-04-09 12:13:24", "level": "DEBUG", "module": "main", "function": "get_transaction_data", "line": 70, "message": "get transaction data completed", "process": "nsopw"}
{"timestamp": "2024-04-09 12:13:24", "level": "DEBUG", "module": "main", "function": "run", "line": 100, "message": "transaction data received empty. so exiting the process", "process": "nsopw"}
{"timestamp": "2024-04-09 12:13:27", "level": "DEBUG", "module": "main", "function": "get_transaction_data", "line": 70, "message": "get transaction data completed", "process": "nsopw"}
{"timestamp": "2024-04-09 12:13:27", "level": "DEBUG", "module": "main", "function": "run", "line": 100, "message": "transaction data received empty. so exiting the process", "process": "nsopw"}
{"timestamp": "2024-04-09 12:13:30", "level": "DEBUG", "module": "main", "function": "get_transaction_data", "line": 70, "message": "get transaction data completed", "process": "nsopw"}
{"timestamp": "2024-04-09 12:13:30", "level": "DEBUG", "module": "main", "function": "run", "line": 100, "message": "transaction data received empty. so exiting the process", "process": "nsopw"}
{"timestamp": "2024-04-09 12:13:33", "level": "DEBUG", "module": "main", "function": "get_transaction_data", "line": 70, "message": "get transaction data completed", "process": "nsopw"}
{"timestamp": "2024-04-09 12:13:33", "level": "DEBUG", "module": "main", "function": "run", "line": 100, "message": "transaction data received empty. so exiting the process", "process": "nsopw"}
{"timestamp": "2024-04-09 12:13:36", "level": "DEBUG", "module": "main", "function": "get_transaction_data", "line": 70, "message": "get transaction data completed", "process": "nsopw"}
{"timestamp": "2024-04-09 12:13:36", "level": "DEBUG", "module": "main", "function": "run", "line": 100, "message": "transaction data received empty. so exiting the process", "process": "nsopw"}
{"timestamp": "2024-04-09 12:13:39", "level": "DEBUG", "module": "main", "function": "get_transaction_data", "line": 70, "message": "get transaction data completed", "process": "nsopw"}
{"timestamp": "2024-04-09 12:13:39", "level": "DEBUG", "module": "main", "function": "run", "line": 100, "message": "transaction data received empty. so exiting the process", "process": "nsopw"}
{"timestamp": "2024-04-09 12:13:42", "level": "DEBUG", "module": "main", "function": "get_transaction_data", "line": 70, "message": "get transaction data completed", "process": "nsopw"}
{"timestamp": "2024-04-09 12:13:42", "level": "DEBUG", "module": "main", "function": "run", "line": 100, "message": "transaction data received empty. so exiting the process", "process": "nsopw"}
{"timestamp": "2024-04-09 12:13:45", "level": "DEBUG", "module": "main", "function": "get_transaction_data", "line": 70, "message": "get transaction data completed", "process": "nsopw"}
{"timestamp": "2024-04-09 12:13:45", "level": "DEBUG", "module": "main", "function": "run", "line": 100, "message": "transaction data received empty. so exiting the process", "process": "nsopw"}
{"timestamp": "2024-04-09 12:13:48", "level": "DEBUG", "module": "main", "function": "get_transaction_data", "line": 70, "message": "get transaction data completed", "process": "nsopw"}
{"timestamp": "2024-04-09 12:13:48", "level": "DEBUG", "module": "main", "function": "run", "line": 100, "message": "transaction data received empty. so exiting the process", "process": "nsopw"}
{"timestamp": "2024-04-09 12:13:51", "level": "DEBUG", "module": "main", "function": "get_transaction_data", "line": 70, "message": "get transaction data completed", "process": "nsopw"}
{"timestamp": "2024-04-09 12:13:51", "level": "DEBUG", "module": "main", "function": "run", "line": 100, "message": "transaction data received empty. so exiting the process", "process": "nsopw"}
{"timestamp": "2024-04-09 12:13:54", "level": "DEBUG", "module": "main", "function": "get_transaction_data", "line": 70, "message": "get transaction data completed", "process": "nsopw"}
{"timestamp": "2024-04-09 12:13:54", "level": "DEBUG", "module": "main", "function": "run", "line": 100, "message": "transaction data received empty. so exiting the process", "process": "nsopw"}
{"timestamp": "2024-04-09 12:13:57", "level": "DEBUG", "module": "main", "function": "get_transaction_data", "line": 70, "message": "get transaction data completed", "process": "nsopw"}
{"timestamp": "2024-04-09 12:13:57", "level": "DEBUG", "module": "main", "function": "run", "line": 100, "message": "transaction data received empty. so exiting the process", "process": "nsopw"}
{"timestamp": "2024-04-09 12:14:00", "level": "DEBUG", "module": "main", "function": "get_transaction_data", "line": 70, "message": "get transaction data completed", "process": "nsopw"}
{"timestamp": "2024-04-09 12:14:00", "level": "DEBUG", "module": "main", "function": "run", "line": 100, "message": "transaction data received empty. so exiting the process", "process": "nsopw"}
{"timestamp": "2024-04-09 12:14:03", "level": "DEBUG", "module": "main", "function": "get_transaction_data", "line": 70, "message": "get transaction data completed", "process": "nsopw"}
{"timestamp": "2024-04-09 12:14:03", "level": "DEBUG", "module": "main", "function": "run", "line": 100, "message": "transaction data received empty. so exiting the process", "process": "nsopw"}
{"timestamp": "2024-04-09 12:14:06", "level": "DEBUG", "module": "main", "function": "get_transaction_data", "line": 70, "message": "get transaction data completed", "process": "nsopw"}
{"timestamp": "2024-04-09 12:14:06", "level": "DEBUG", "module": "main", "function": "run", "line": 100, "message": "transaction data received empty. so exiting the process", "process": "nsopw"}
{"timestamp": "2024-04-09 12:14:09", "level": "DEBUG", "module": "main", "function": "get_transaction_data", "line": 70, "message": "get transaction data completed", "process": "nsopw"}
{"timestamp": "2024-04-09 12:14:09", "level": "DEBUG", "module": "main", "function": "run", "line": 100, "message": "transaction data received empty. so exiting the process", "process": "nsopw"}
{"timestamp": "2024-04-09 12:14:12", "level": "DEBUG", "module": "main", "function": "get_transaction_data", "line": 70, "message": "get transaction data completed", "process": "nsopw"}
{"timestamp": "2024-04-09 12:14:12", "level": "DEBUG", "module": "main", "function": "run", "line": 100, "message": "transaction data received empty. so exiting the process", "process": "nsopw"}
{"timestamp": "2024-04-09 12:14:15", "level": "DEBUG", "module": "main", "function": "get_transaction_data", "line": 70, "message": "get transaction data completed", "process": "nsopw"}
{"timestamp": "2024-04-09 12:14:15", "level": "DEBUG", "module": "main", "function": "run", "line": 100, "message": "transaction data received empty. so exiting the process", "process": "nsopw"}
{"timestamp": "2024-04-09 12:14:18", "level": "DEBUG", "module": "main", "function": "get_transaction_data", "line": 70, "message": "get transaction data completed", "process": "nsopw"}
{"timestamp": "2024-04-09 12:14:18", "level": "DEBUG", "module": "main", "function": "run", "line": 100, "message": "transaction data received empty. so exiting the process", "process": "nsopw"}
{"timestamp": "2024-04-09 12:14:22", "level": "DEBUG", "module": "main", "function": "get_transaction_data", "line": 70, "message": "get transaction data completed", "process": "nsopw"}
{"timestamp": "2024-04-09 12:14:22", "level": "DEBUG", "module": "main", "function": "run", "line": 100, "message": "transaction data received empty. so exiting the process", "process": "nsopw"}
{"timestamp": "2024-04-09 12:14:25", "level": "DEBUG", "module": "main", "function": "get_transaction_data", "line": 70, "message": "get transaction data completed", "process": "nsopw"}
{"timestamp": "2024-04-09 12:14:25", "level": "DEBUG", "module": "main", "function": "run", "line": 100, "message": "transaction data received empty. so exiting the process", "process": "nsopw"}
{"timestamp": "2024-04-09 12:14:28", "level": "DEBUG", "module": "main", "function": "get_transaction_data", "line": 70, "message": "get transaction data completed", "process": "nsopw"}
{"timestamp": "2024-04-09 12:14:28", "level": "DEBUG", "module": "main", "function": "run", "line": 100, "message": "transaction data received empty. so exiting the process", "process": "nsopw"}
{"timestamp": "2024-04-09 12:14:31", "level": "DEBUG", "module": "main", "function": "get_transaction_data", "line": 70, "message": "get transaction data completed", "process": "nsopw"}
{"timestamp": "2024-04-09 12:14:31", "level": "DEBUG", "module": "main", "function": "run", "line": 100, "message": "transaction data received empty. so exiting the process", "process": "nsopw"}
{"timestamp": "2024-04-09 12:14:34", "level": "DEBUG", "module": "main", "function": "get_transaction_data", "line": 70, "message": "get transaction data completed", "process": "nsopw"}
{"timestamp": "2024-04-09 12:14:34", "level": "DEBUG", "module": "main", "function": "run", "line": 100, "message": "transaction data received empty. so exiting the process", "process": "nsopw"}
{"timestamp": "2024-04-09 12:14:37", "level": "DEBUG", "module": "main", "function": "get_transaction_data", "line": 70, "message": "get transaction data completed", "process": "nsopw"}
{"timestamp": "2024-04-09 12:14:37", "level": "DEBUG", "module": "main", "function": "run", "line": 100, "message": "transaction data received empty. so exiting the process", "process": "nsopw"}
{"timestamp": "2024-04-09 12:14:40", "level": "DEBUG", "module": "main", "function": "get_transaction_data", "line": 70, "message": "get transaction data completed", "process": "nsopw"}
{"timestamp": "2024-04-09 12:14:40", "level": "DEBUG", "module": "main", "function": "run", "line": 100, "message": "transaction data received empty. so exiting the process", "process": "nsopw"}
{"timestamp": "2024-04-09 12:14:43", "level": "DEBUG", "module": "main", "function": "get_transaction_data", "line": 70, "message": "get transaction data completed", "process": "nsopw"}
{"timestamp": "2024-04-09 12:14:43", "level": "DEBUG", "module": "main", "function": "run", "line": 100, "message": "transaction data received empty. so exiting the process", "process": "nsopw"}
{"timestamp": "2024-04-09 12:14:46", "level": "DEBUG", "module": "main", "function": "get_transaction_data", "line": 70, "message": "get transaction data completed", "process": "nsopw"}
{"timestamp": "2024-04-09 12:14:46", "level": "DEBUG", "module": "main", "function": "run", "line": 100, "message": "transaction data received empty. so exiting the process", "process": "nsopw"}
{"timestamp": "2024-04-09 12:14:49", "level": "DEBUG", "module": "main", "function": "get_transaction_data", "line": 70, "message": "get transaction data completed", "process": "nsopw"}
{"timestamp": "2024-04-09 12:14:49", "level": "DEBUG", "module": "main", "function": "run", "line": 100, "message": "transaction data received empty. so exiting the process", "process": "nsopw"}
{"timestamp": "2024-04-09 12:14:52", "level": "DEBUG", "module": "main", "function": "get_transaction_data", "line": 70, "message": "get transaction data completed", "process": "nsopw"}
{"timestamp": "2024-04-09 12:14:52", "level": "DEBUG", "module": "main", "function": "run", "line": 100, "message": "transaction data received empty. so exiting the process", "process": "nsopw"}
{"timestamp": "2024-04-09 12:14:55", "level": "DEBUG", "module": "main", "function": "get_transaction_data", "line": 70, "message": "get transaction data completed", "process": "nsopw"}
{"timestamp": "2024-04-09 12:14:55", "level": "DEBUG", "module": "main", "function": "run", "line": 100, "message": "transaction data received empty. so exiting the process", "process": "nsopw"}
{"timestamp": "2024-04-09 12:14:58", "level": "DEBUG", "module": "main", "function": "get_transaction_data", "line": 70, "message": "get transaction data completed", "process": "nsopw"}
{"timestamp": "2024-04-09 12:14:58", "level": "DEBUG", "module": "main", "function": "run", "line": 100, "message": "transaction data received empty. so exiting the process", "process": "nsopw"}
{"timestamp": "2024-04-09 12:15:01", "level": "DEBUG", "module": "main", "function": "get_transaction_data", "line": 70, "message": "get transaction data completed", "process": "nsopw"}
{"timestamp": "2024-04-09 12:15:01", "level": "DEBUG", "module": "main", "function": "run", "line": 100, "message": "transaction data received empty. so exiting the process", "process": "nsopw"}
{"timestamp": "2024-04-09 12:15:04", "level": "DEBUG", "module": "main", "function": "get_transaction_data", "line": 70, "message": "get transaction data completed", "process": "nsopw"}
{"timestamp": "2024-04-09 12:15:04", "level": "DEBUG", "module": "main", "function": "run", "line": 100, "message": "transaction data received empty. so exiting the process", "process": "nsopw"}
{"timestamp": "2024-04-09 12:15:07", "level": "DEBUG", "module": "main", "function": "get_transaction_data", "line": 70, "message": "get transaction data completed", "process": "nsopw"}
{"timestamp": "2024-04-09 12:15:07", "level": "DEBUG", "module": "main", "function": "run", "line": 100, "message": "transaction data received empty. so exiting the process", "process": "nsopw"}
{"timestamp": "2024-04-09 12:15:10", "level": "DEBUG", "module": "main", "function": "get_transaction_data", "line": 70, "message": "get transaction data completed", "process": "nsopw"}
{"timestamp": "2024-04-09 12:15:10", "level": "DEBUG", "module": "main", "function": "run", "line": 100, "message": "transaction data received empty. so exiting the process", "process": "nsopw"}
{"timestamp": "2024-04-09 12:15:13", "level": "DEBUG", "module": "main", "function": "get_transaction_data", "line": 70, "message": "get transaction data completed", "process": "nsopw"}
{"timestamp": "2024-04-09 12:15:13", "level": "DEBUG", "module": "main", "function": "run", "line": 100, "message": "transaction data received empty. so exiting the process", "process": "nsopw"}
{"timestamp": "2024-04-09 12:15:16", "level": "DEBUG", "module": "main", "function": "get_transaction_data", "line": 70, "message": "get transaction data completed", "process": "nsopw"}
{"timestamp": "2024-04-09 12:15:16", "level": "DEBUG", "module": "main", "function": "run", "line": 100, "message": "transaction data received empty. so exiting the process", "process": "nsopw"}
{"timestamp": "2024-04-09 12:15:19", "level": "DEBUG", "module": "main", "function": "get_transaction_data", "line": 70, "message": "get transaction data completed", "process": "nsopw"}
{"timestamp": "2024-04-09 12:15:19", "level": "DEBUG", "module": "main", "function": "run", "line": 100, "message": "transaction data received empty. so exiting the process", "process": "nsopw"}
{"timestamp": "2024-04-09 12:15:22", "level": "DEBUG", "module": "main", "function": "get_transaction_data", "line": 70, "message": "get transaction data completed", "process": "nsopw"}
{"timestamp": "2024-04-09 12:15:22", "level": "DEBUG", "module": "main", "function": "run", "line": 100, "message": "transaction data received empty. so exiting the process", "process": "nsopw"}
{"timestamp": "2024-04-09 12:15:25", "level": "DEBUG", "module": "main", "function": "get_transaction_data", "line": 70, "message": "get transaction data completed", "process": "nsopw"}
{"timestamp": "2024-04-09 12:15:25", "level": "DEBUG", "module": "main", "function": "run", "line": 100, "message": "transaction data received empty. so exiting the process", "process": "nsopw"}
{"timestamp": "2024-04-09 12:15:28", "level": "DEBUG", "module": "main", "function": "get_transaction_data", "line": 70, "message": "get transaction data completed", "process": "nsopw"}
{"timestamp": "2024-04-09 12:15:28", "level": "DEBUG", "module": "main", "function": "run", "line": 100, "message": "transaction data received empty. so exiting the process", "process": "nsopw"}
{"timestamp": "2024-04-09 12:15:31", "level": "DEBUG", "module": "main", "function": "get_transaction_data", "line": 70, "message": "get transaction data completed", "process": "nsopw"}
{"timestamp": "2024-04-09 12:15:31", "level": "DEBUG", "module": "main", "function": "run", "line": 100, "message": "transaction data received empty. so exiting the process", "process": "nsopw"}
{"timestamp": "2024-04-09 12:15:34", "level": "DEBUG", "module": "main", "function": "get_transaction_data", "line": 70, "message": "get transaction data completed", "process": "nsopw"}
{"timestamp": "2024-04-09 12:15:34", "level": "DEBUG", "module": "main", "function": "run", "line": 100, "message": "transaction data received empty. so exiting the process", "process": "nsopw"}
{"timestamp": "2024-04-09 12:15:37", "level": "DEBUG", "module": "main", "function": "get_transaction_data", "line": 70, "message": "get transaction data completed", "process": "nsopw"}
{"timestamp": "2024-04-09 12:15:37", "level": "DEBUG", "module": "main", "function": "run", "line": 100, "message": "transaction data received empty. so exiting the process", "process": "nsopw"}
{"timestamp": "2024-04-09 12:15:40", "level": "DEBUG", "module": "main", "function": "get_transaction_data", "line": 70, "message": "get transaction data completed", "process": "nsopw"}
{"timestamp": "2024-04-09 12:15:40", "level": "DEBUG", "module": "main", "function": "run", "line": 100, "message": "transaction data received empty. so exiting the process", "process": "nsopw"}
{"timestamp": "2024-04-09 12:15:43", "level": "DEBUG", "module": "main", "function": "get_transaction_data", "line": 70, "message": "get transaction data completed", "process": "nsopw"}
{"timestamp": "2024-04-09 12:15:43", "level": "DEBUG", "module": "main", "function": "run", "line": 100, "message": "transaction data received empty. so exiting the process", "process": "nsopw"}
{"timestamp": "2024-04-09 12:16:32", "level": "INFO", "module": "main", "function": "<module>", "line": 43, "message": "nsopw-- execution started", "process": "nsopw"}
{"timestamp": "2024-04-09 12:16:32", "level": "DEBUG", "module": "main", "function": "__init__", "line": 53, "message": "Framework initiated", "process": "nsopw"}
{"timestamp": "2024-04-09 12:16:32", "level": "DEBUG", "module": "main", "function": "init_all_settings", "line": 58, "message": "init all settings completed", "process": "nsopw"}
{"timestamp": "2024-04-09 12:16:32", "level": "DEBUG", "module": "main", "function": "init_all_applications", "line": 63, "message": "init all application completed", "process": "nsopw"}
{"timestamp": "2024-04-09 12:16:32", "level": "DEBUG", "module": "main", "function": "get_transaction_data", "line": 70, "message": "get transaction data completed", "process": "nsopw"}
{"timestamp": "2024-04-09 12:16:32", "level": "DEBUG", "module": "main", "function": "run", "line": 100, "message": "transaction data received empty. so exiting the process", "process": "nsopw"}
{"timestamp": "2024-04-09 12:16:35", "level": "DEBUG", "module": "main", "function": "get_transaction_data", "line": 70, "message": "get transaction data completed", "process": "nsopw"}
{"timestamp": "2024-04-09 12:16:35", "level": "DEBUG", "module": "main", "function": "run", "line": 100, "message": "transaction data received empty. so exiting the process", "process": "nsopw"}
{"timestamp": "2024-04-09 12:16:38", "level": "DEBUG", "module": "main", "function": "get_transaction_data", "line": 70, "message": "get transaction data completed", "process": "nsopw"}
{"timestamp": "2024-04-09 12:16:38", "level": "DEBUG", "module": "main", "function": "run", "line": 100, "message": "transaction data received empty. so exiting the process", "process": "nsopw"}
{"timestamp": "2024-04-09 12:17:35", "level": "INFO", "module": "main", "function": "<module>", "line": 43, "message": "nsopw-- execution started", "process": "nsopw"}
{"timestamp": "2024-04-09 12:17:35", "level": "DEBUG", "module": "main", "function": "__init__", "line": 53, "message": "Framework initiated", "process": "nsopw"}
{"timestamp": "2024-04-09 12:17:35", "level": "DEBUG", "module": "main", "function": "init_all_settings", "line": 58, "message": "init all settings completed", "process": "nsopw"}
{"timestamp": "2024-04-09 12:17:35", "level": "DEBUG", "module": "main", "function": "init_all_applications", "line": 63, "message": "init all application completed", "process": "nsopw"}
{"timestamp": "2024-04-09 12:17:35", "level": "DEBUG", "module": "main", "function": "get_transaction_data", "line": 70, "message": "get transaction data completed", "process": "nsopw"}
{"timestamp": "2024-04-09 12:17:35", "level": "INFO", "module": "main", "function": "process_transaction", "line": 74, "message": "process started", "process": "nsopw"}
{"timestamp": "2024-04-09 12:17:35", "level": "INFO", "module": "z_process", "function": "process", "line": 18, "message": "104 - transaction started", "process": "nsopw"}
{"timestamp": "2024-04-09 12:18:50", "level": "INFO", "module": "z_process", "function": "process", "line": 23, "message": "104 - transaction completed", "process": "nsopw"}
{"timestamp": "2024-04-09 12:18:50", "level": "DEBUG", "module": "main", "function": "process_transaction", "line": 80, "message": "process completed", "process": "nsopw"}
{"timestamp": "2024-04-09 12:18:50", "level": "DEBUG", "module": "main", "function": "set_transaction_status", "line": 90, "message": "set transaction completed", "process": "nsopw"}
{"timestamp": "2024-04-09 12:18:50", "level": "DEBUG", "module": "main", "function": "get_transaction_data", "line": 70, "message": "get transaction data completed", "process": "nsopw"}
{"timestamp": "2024-04-09 12:18:50", "level": "DEBUG", "module": "main", "function": "run", "line": 100, "message": "transaction data received empty. so exiting the process", "process": "nsopw"}
{"timestamp": "2024-04-09 12:18:53", "level": "DEBUG", "module": "main", "function": "get_transaction_data", "line": 70, "message": "get transaction data completed", "process": "nsopw"}
{"timestamp": "2024-04-09 12:18:53", "level": "DEBUG", "module": "main", "function": "run", "line": 100, "message": "transaction data received empty. so exiting the process", "process": "nsopw"}
{"timestamp": "2024-04-09 12:18:56", "level": "DEBUG", "module": "main", "function": "get_transaction_data", "line": 70, "message": "get transaction data completed", "process": "nsopw"}
{"timestamp": "2024-04-09 12:18:56", "level": "DEBUG", "module": "main", "function": "run", "line": 100, "message": "transaction data received empty. so exiting the process", "process": "nsopw"}
{"timestamp": "2024-04-09 12:18:59", "level": "DEBUG", "module": "main", "function": "get_transaction_data", "line": 70, "message": "get transaction data completed", "process": "nsopw"}
{"timestamp": "2024-04-09 12:18:59", "level": "DEBUG", "module": "main", "function": "run", "line": 100, "message": "transaction data received empty. so exiting the process", "process": "nsopw"}
{"timestamp": "2024-04-09 12:19:02", "level": "DEBUG", "module": "main", "function": "get_transaction_data", "line": 70, "message": "get transaction data completed", "process": "nsopw"}
{"timestamp": "2024-04-09 12:19:02", "level": "DEBUG", "module": "main", "function": "run", "line": 100, "message": "transaction data received empty. so exiting the process", "process": "nsopw"}
{"timestamp": "2024-04-09 12:19:05", "level": "DEBUG", "module": "main", "function": "get_transaction_data", "line": 70, "message": "get transaction data completed", "process": "nsopw"}
{"timestamp": "2024-04-09 12:19:05", "level": "DEBUG", "module": "main", "function": "run", "line": 100, "message": "transaction data received empty. so exiting the process", "process": "nsopw"}
{"timestamp": "2024-04-09 12:19:08", "level": "DEBUG", "module": "main", "function": "get_transaction_data", "line": 70, "message": "get transaction data completed", "process": "nsopw"}
{"timestamp": "2024-04-09 12:19:08", "level": "DEBUG", "module": "main", "function": "run", "line": 100, "message": "transaction data received empty. so exiting the process", "process": "nsopw"}
{"timestamp": "2024-04-09 12:19:11", "level": "DEBUG", "module": "main", "function": "get_transaction_data", "line": 70, "message": "get transaction data completed", "process": "nsopw"}
{"timestamp": "2024-04-09 12:19:11", "level": "DEBUG", "module": "main", "function": "run", "line": 100, "message": "transaction data received empty. so exiting the process", "process": "nsopw"}
{"timestamp": "2024-04-09 12:19:14", "level": "DEBUG", "module": "main", "function": "get_transaction_data", "line": 70, "message": "get transaction data completed", "process": "nsopw"}
{"timestamp": "2024-04-09 12:19:14", "level": "DEBUG", "module": "main", "function": "run", "line": 100, "message": "transaction data received empty. so exiting the process", "process": "nsopw"}
{"timestamp": "2024-04-09 12:19:17", "level": "DEBUG", "module": "main", "function": "get_transaction_data", "line": 70, "message": "get transaction data completed", "process": "nsopw"}
{"timestamp": "2024-04-09 12:19:17", "level": "DEBUG", "module": "main", "function": "run", "line": 100, "message": "transaction data received empty. so exiting the process", "process": "nsopw"}
{"timestamp": "2024-04-09 12:19:20", "level": "DEBUG", "module": "main", "function": "get_transaction_data", "line": 70, "message": "get transaction data completed", "process": "nsopw"}
{"timestamp": "2024-04-09 12:19:20", "level": "DEBUG", "module": "main", "function": "run", "line": 100, "message": "transaction data received empty. so exiting the process", "process": "nsopw"}
{"timestamp": "2024-04-09 12:19:23", "level": "DEBUG", "module": "main", "function": "get_transaction_data", "line": 70, "message": "get transaction data completed", "process": "nsopw"}
{"timestamp": "2024-04-09 12:19:23", "level": "DEBUG", "module": "main", "function": "run", "line": 100, "message": "transaction data received empty. so exiting the process", "process": "nsopw"}
{"timestamp": "2024-04-09 12:19:26", "level": "DEBUG", "module": "main", "function": "get_transaction_data", "line": 70, "message": "get transaction data completed", "process": "nsopw"}
{"timestamp": "2024-04-09 12:19:26", "level": "DEBUG", "module": "main", "function": "run", "line": 100, "message": "transaction data received empty. so exiting the process", "process": "nsopw"}
{"timestamp": "2024-04-09 12:19:29", "level": "DEBUG", "module": "main", "function": "get_transaction_data", "line": 70, "message": "get transaction data completed", "process": "nsopw"}
{"timestamp": "2024-04-09 12:19:29", "level": "DEBUG", "module": "main", "function": "run", "line": 100, "message": "transaction data received empty. so exiting the process", "process": "nsopw"}
{"timestamp": "2024-04-09 12:19:32", "level": "DEBUG", "module": "main", "function": "get_transaction_data", "line": 70, "message": "get transaction data completed", "process": "nsopw"}
{"timestamp": "2024-04-09 12:19:32", "level": "DEBUG", "module": "main", "function": "run", "line": 100, "message": "transaction data received empty. so exiting the process", "process": "nsopw"}
{"timestamp": "2024-04-09 12:19:35", "level": "DEBUG", "module": "main", "function": "get_transaction_data", "line": 70, "message": "get transaction data completed", "process": "nsopw"}
{"timestamp": "2024-04-09 12:19:35", "level": "DEBUG", "module": "main", "function": "run", "line": 100, "message": "transaction data received empty. so exiting the process", "process": "nsopw"}
{"timestamp": "2024-04-09 12:19:38", "level": "DEBUG", "module": "main", "function": "get_transaction_data", "line": 70, "message": "get transaction data completed", "process": "nsopw"}
{"timestamp": "2024-04-09 12:19:38", "level": "DEBUG", "module": "main", "function": "run", "line": 100, "message": "transaction data received empty. so exiting the process", "process": "nsopw"}
